0:100  0:100  MemLog inited, TSC freq: 2394451844
0:100  0:000  CPU was calibrated with ACPI PM Timer
0:100  0:000  
0:100  0:000  Now is 19.1.2019,  12:54:52 (GMT)
0:100  0:000  Starting Clover revision: 4792 on American Megatrends EFI
0:100  0:000  Build with: [Args: -mc --no-usb -D NO_GRUB_DRIVERS_EMBEDDED -t XCODE8 | -D DISABLE_USB_SUPPORT -D NO_GRUB_DRIVERS_EMBEDDED --conf=/Users/sky/src/edk2/Conf -D USE_BIOS_BLOCKIO -D USE_LOW_EBDA -a X64 -b RELEASE -t XCODE8 -n 13 | OS: 10.14.2 | XCODE: 10.1]
0:100  0:000  SelfDevicePath=PciRoot(0x0)\Pci(0x1F,0x2)\Sata(0x4,0xFFFF,0x0)\HD(1,GPT,8E4E8C35-E990-4BE8-AAB7-DB16517F59EC,0x30,0x96FD0) @C7836918
0:100  0:000  SelfDirPath = \EFI\CLOVER
0:100  0:000  === [ Get Smbios ] ========================================
0:100  0:000  Type 16 Index = 0
0:100  0:000  Total Memory Slots Count = 4
0:100  0:000  Type 17 Index = 0
0:100  0:000  SmbiosTable.Type17->Speed = 1600MHz
0:100  0:000  SmbiosTable.Type17->Size = 4096MB
0:100  0:000  SmbiosTable.Type17->Bank/Device = BANK 0 ChannelA-DIMM0
0:100  0:000  SmbiosTable.Type17->Vendor = Samsung
0:100  0:000  SmbiosTable.Type17->SerialNumber = 24739719
0:100  0:000  SmbiosTable.Type17->PartNumber = M471B5173QH0-YK0  
0:100  0:000  Type 17 Index = 1
0:100  0:000  Ignoring insane frequency value 0MHz
0:100  0:000  SmbiosTable.Type17->Speed = 0MHz
0:100  0:000  SmbiosTable.Type17->Size = 0MB
0:100  0:000  SmbiosTable.Type17->Bank/Device = BANK 1 ChannelA-DIMM1
0:100  0:000  SmbiosTable.Type17->Vendor = <null string>
0:100  0:000  SmbiosTable.Type17->SerialNumber = <null string>
0:100  0:000  SmbiosTable.Type17->PartNumber = <null string>
0:100  0:000  Type 17 Index = 2
0:100  0:000  SmbiosTable.Type17->Speed = 1600MHz
0:100  0:000  SmbiosTable.Type17->Size = 4096MB
0:100  0:000  SmbiosTable.Type17->Bank/Device = BANK 2 ChannelB-DIMM0
0:100  0:000  SmbiosTable.Type17->Vendor = Samsung
0:100  0:000  SmbiosTable.Type17->SerialNumber = 24739718
0:100  0:000  SmbiosTable.Type17->PartNumber = M471B5173QH0-YK0  
0:100  0:000  Type 17 Index = 3
0:100  0:000  Ignoring insane frequency value 0MHz
0:100  0:000  SmbiosTable.Type17->Speed = 0MHz
0:100  0:000  SmbiosTable.Type17->Size = 0MB
0:100  0:000  SmbiosTable.Type17->Bank/Device = BANK 3 ChannelB-DIMM1
0:100  0:000  SmbiosTable.Type17->Vendor = <null string>
0:100  0:000  SmbiosTable.Type17->SerialNumber = <null string>
0:100  0:000  SmbiosTable.Type17->PartNumber = <null string>
0:100  0:000  Boot status=0
0:100  0:000  Running on: 'N550JV' with board 'N550JV'
0:100  0:000  === [ GetCPUProperties ] ==================================
0:100  0:000  CPU Vendor = 756E6547 Model=306C3
0:100  0:000   The CPU supported SSE4.1
0:100  0:000  BrandString = Intel(R) Core(TM) i7-4700HQ CPU @ 2.40GHz
0:100  0:000   The CPU supported turbo
0:100  0:000  MSR 0x35               40008
0:100  0:000  MSR 0xE2 before patch 1E008405
0:100  0:000  MSR 0xE2 is locked, PM patches will be turned on
0:100  0:000  MSR 0xCE              00080838_F3011800
0:100  0:000  corrected FLEX_RATIO = 40000
0:100  0:000  MSR 0x1B0             00000000
0:100  0:000  FSBFrequency = 100 MHz, DMI FSBFrequency = 100 MHz, Corrected FSBFrequency = 100 MHz
0:100  0:000  MaxDiv/MinDiv: 24.0/8
0:100  0:000  Turbo: 32/32/33/34
0:100  0:000  Features: 0xBFEBFBFF
0:100  0:000  Threads: 8
0:100  0:000  Cores: 4
0:100  0:000  FSB: 100 MHz
0:100  0:000  CPU: 2400 MHz
0:100  0:000  TSC: 2400 MHz
0:100  0:000  PIS: 100 MHz
0:100  0:000  ExternalClock: 25 MHz
0:100  0:000  === [ GetDevices ] ========================================
0:100  0:000  PCI (00|00:00.00) : 8086 0C04 class=060000
0:100  0:000  PCI (00|00:01.00) : 8086 0C01 class=060400
0:100  0:000  PCI (00|01:00.00) : 10DE 0FE4 class=030200
0:100  0:000  PCI (00|00:02.00) : 8086 0416 class=030000
0:100  0:000   - GFX: Model=Intel HD Graphics 4600 (Intel)
0:100  0:000  PCI (00|00:03.00) : 8086 0C0C class=040300
0:100  0:000  PCI (00|00:14.00) : 8086 8C31 class=0C0330
0:100  0:000  PCI (00|00:16.00) : 8086 8C3A class=078000
0:100  0:000  PCI (00|00:16.01) : FFFF FFFF class=FFFFFF
0:100  0:000  PCI (00|00:1A.00) : 8086 8C2D class=0C0320
0:100  0:000  PCI (00|00:1B.00) : 8086 8C20 class=040300
0:100  0:000  PCI (00|00:1C.00) : 8086 8C10 class=060400
0:100  0:000  PCI (00|00:1C.01) : 8086 8C12 class=060400
0:100  0:000  PCI (00|00:1C.02) : 8086 8C14 class=060400
0:100  0:000  PCI (00|04:00.00) : 168C 0032 class=028000
0:100  0:000   - WIFI: Vendor=Atheros
0:100  0:000  PCI (00|00:1C.03) : 8086 8C16 class=060400
0:100  0:000  PCI (00|05:00.00) : 10EC 8168 class=020000
0:100  0:000   - LAN: 0 Vendor=Realtek
0:100  0:000  PCI (00|00:1D.00) : 8086 8C26 class=0C0320
0:100  0:000  PCI (00|00:1F.00) : 8086 8C49 class=060100
0:100  0:000  PCI (00|00:1F.02) : 8086 8C03 class=010601
0:100  0:000  PCI (00|00:1F.03) : 8086 8C22 class=0C0500
0:100  0:000  PCI (00|00:1F.06) : FFFF FFFF class=FFFFFF
0:100  0:000  === [ GetDefaultSettings ] ================================
0:100  0:000  Clover load options size = 0 bytes
0:101  0:000  EFI\CLOVER\config.plist loaded: Success
0:101  0:000  === [ GetListOfThemes ] ===================================
0:102  0:001  - [00]: Clovy
0:104  0:001  - [01]: Hackintosh_ID
0:105  0:001  - [02]: SimpleThemeDark
0:106  0:001  === [ Found config plists ] ===============================
0:106  0:000  - config_bak.plist
0:106  0:000  - config.plist
0:106  0:000  === [ GetEarlyUserSettings ] ==============================
0:106  0:000  timeout set to 5
0:106  0:000  Custom boot CUSTOM_BOOT_DISABLED (0x0)
0:106  0:000  ForceKextsToLoad: 1 requested
0:106  0:000   - [0]: System\Library\Extensions\IONetworkingFamily.kext
0:106  0:000  KextsToPatch: 20 requested
0:106  0:000   - [00]: com.apple.driver.AppleIntelFramebufferAzul (Enable 9MB cursor bytes, 0x0a260006) :: BinPatch :: data len: 20
0:106  0:000   - [01]: com.apple.driver.AppleIntelFramebufferAzul (Enable 96MB DVMT-prealloc, 0x0a2e0008) :: BinPatch :: data len: 12
0:106  0:000   - patch disabled at config
0:106  0:000   - [02]: com.apple.driver.AppleIntelFramebufferAzul (Enable 128MB DVMT-prealloc, 0x0a2e0008) :: BinPatch :: data len: 12
0:106  0:000   - patch disabled at config
0:106  0:000   - [03]: com.apple.driver.AppleIntelFramebufferAzul (Enable 128MB DVMT-prealloc, 48MB framebuffer, 48MB cursor bytes, 0x0a260006) :: BinPatch :: data len: 20
0:106  0:000   - patch disabled at config
0:106  0:000   - [04]: com.apple.driver.AppleIntelFramebufferAzul (HDMI-audio, port 0105, 0x0a260005 0x0a260006, 0x0d220003, 0x0a2e000a, 0x0a26000a) :: BinPatch :: data len: 12
0:106  0:000   - patch disabled at config
0:106  0:000   - [05]: com.apple.driver.AppleIntelFramebufferAzul (HDMI-audio, port 0204, 0x0d220003, 0x0a2e000a, 0x0a26000a) :: BinPatch :: data len: 12
0:106  0:000   - patch disabled at config
0:106  0:000   - [06]: com.apple.driver.AppleIntelFramebufferAzul (HDMI-audio, port 0204, 0x0a260005 0x0a260006) :: BinPatch :: data len: 12
0:106  0:000   - patch disabled at config
0:106  0:000   - [07]: com.apple.driver.AppleIntelFramebufferAzul (HDMI-audio, port 0105, 0x0a2e0008, 0x0a16000c, 0x0a2e000d, 0x0a26000d) :: BinPatch :: data len: 12
0:106  0:000   - patch disabled at config
0:106  0:000   - [08]: com.apple.driver.AppleIntelFramebufferAzul (HDMI-audio, port 0204, 0x0a2e0008, 0x0a16000c, 0x0a2e000d, 0x0a26000d) :: BinPatch :: data len: 12
0:106  0:000   - patch disabled at config
0:106  0:000   - [09]: com.apple.driver.AppleIntelFramebufferAzul (HDMI-audio, port 0204, alternate/later versions macOS, 0x0a2e0008, 0x0a16000c, 0x0a2e000d, 0x0a26000d) :: BinPatch :: data len: 12
0:106  0:000   - patch disabled at config
0:106  0:000   - [10]: com.apple.driver.AppleIntelFramebufferAzul (HDMI-audio, port 0204, 0x0a2e0008, 0x0a16000c, 0x0a2e000d, 0x0a26000d) :: MatchOS: 10.12.x :: BinPatch :: data len: 12
0:106  0:000   - patch disabled at config
0:106  0:000   - [11]: com.apple.driver.AppleIntelFramebufferAzul (Enable internal display after sleep for 0x0a2e0008 on 10.10.2-10.12.x (c) syscl) :: MatchOS: 10.10.x,10.11.x,10.12.x :: BinPatch :: data len: 16
0:106  0:000   - patch disabled at config
0:106  0:000   - [12]: com.apple.driver.AppleIntelFramebufferAzul (Enable internal display after sleep for 0x0a2e0008 on 10.13.x (c) syscl) :: MatchOS: 10.13.x :: BinPatch :: data len: 16
0:106  0:000   - patch disabled at config
0:106  0:000   - [13]: AppleIntelFramebufferAzul (Enable internal display after sleep for 0x0a2e000a, 0x0a26000a) :: BinPatch :: data len: 16
0:106  0:000   - patch disabled at config
0:106  0:000   - [14]: com.apple.driver.AppleIntelFramebufferAzul (HDMI-audio, port 0105(12), 0x0a260005 0x0a260006, 0x0d220003, 0x0a2e000a, 0x0a26000a) :: BinPatch :: data len: 12
0:106  0:000   - patch disabled at config
0:106  0:000   - [15]: com.apple.driver.AppleIntelFramebufferAzul (HDMI-audio, port 0204(12), 0x0d220003, 0x0a2e000a, 0x0a26000a) :: BinPatch :: data len: 12
0:106  0:000   - patch disabled at config
0:106  0:000   - [16]: com.apple.driver.AppleIntelFramebufferAzul (HDMI-audio, port 0204(12), 0x0a260005 0x0a260006) :: BinPatch :: data len: 12
0:106  0:000   - patch disabled at config
0:106  0:000   - [17]: com.apple.driver.AppleIntelFramebufferAzul (HDMI-audio, port 0105(12), 0x0a2e0008, 0x0a16000c, 0x0a2e000d, 0x0a26000d) :: BinPatch :: data len: 12
0:106  0:000   - patch disabled at config
0:106  0:000   - [18]: com.apple.driver.AppleIntelFramebufferAzul (HDMI-audio, port 0204(12), 0x0a2e0008, 0x0a16000c, 0x0a2e000d, 0x0a26000d) :: BinPatch :: data len: 12
0:106  0:000   - patch disabled at config
0:106  0:000   - [19]: com.apple.driver.AppleIntelFramebufferAzul (HDMI-audio, port 0204(12), 0x0a2e0008, 0x0a16000c, 0x0a2e000d, 0x0a26000d) :: MatchOS: 10.12.x :: BinPatch :: data len: 12
0:106  0:000   - patch disabled at config
0:106  0:000  KernelToPatch: 3 requested
0:106  0:000   - [00]: MSR 0xE2 _xcpm_idle instant reboot(c) Pike R. Alpha :: data len: 8
0:106  0:000   - [01]: Disable panic kext logging on 10.13 Debug kernel :: MatchOS: 10.13 :: data len: 6
0:106  0:000   - [02]: Disable panic kext logging on 10.13 Release kernel :: MatchOS: 10.13 :: data len: 6
0:106  0:000  Default theme: BGM
0:106  0:000  Hiding entries with string Preboot
0:106  0:000  === [ LoadDrivers ] =======================================
0:106  0:000  Loading ApfsDriverLoader-64.efi  status=Success
0:107  0:000   - driver needs connecting
0:107  0:000  Loading AppleImageLoader-64.efi  status=Success
0:107  0:000  Loading AptioMemoryFix-64.efi  status=Success
0:108  0:000  Loading DataHubDxe-64.efi  status=Success
0:115  0:006  Loading EmuVariableUefi-64.efi  status=Success
0:115  0:000  EmuVariableUefi Initialize: VariableCommonInitialize = Success, orig services stored, install gEmuVariableControlProtocolGuid = Success
0:116  0:000  Loading FSInject-64.efi  status=Success
0:116  0:000  Loading HFSPlus.efi  status=Success
0:117  0:000   - driver needs connecting
0:117  0:000  Loading SMCHelper-64.efi  status=Success
0:117  0:000  2 drivers needs connecting ...
0:117  0:000  PlatformDriverOverrideProtocol->GetDriver overriden
0:117  0:000  HFS+ driver loaded
0:117  0:000  APFS driver loaded
0:117  0:000  Searching for invalid DiskIo BY_DRIVER connects: not found, all ok
0:380  0:262  EmuVariable InstallEmulation: orig vars copied, emu.var.services installed, CreateEvent VirtualAddressChange = Success, CreateEvent ExitBootServices = Success, set Status=Success
0:385  0:005  === [ InitScreen ] ========================================
0:385  0:000  SetMaxResolution: found best mode 0: 1024x768
0:504  0:119  Video mode change to mode #0: Success
0:504  0:000   - set
0:504  0:000  Console modes reported: 3, available modes:
0:504  0:000   - [01]: 80x25
0:504  0:000   - [03]: 100x31 (current mode)
0:504  0:000  SetScreenResolution: 1024x768 - already set
0:505  0:000  reinit: self device path=PciRoot(0x0)\Pci(0x1F,0x2)\Sata(0x4,0xFFFF,0x0)\HD(1,GPT,8E4E8C35-E990-4BE8-AAB7-DB16517F59EC,0x30,0x96FD0)
0:505  0:000  Using embedded font: Success
0:506  0:000  === [ GetMacAddress ] =====================================
0:506  0:000  === [ ScanSPD ] ===========================================
0:506  0:000  SMBus device : 8086 8C22 class=0C0500 status=Success
0:506  0:000  SMBus CmdReg: 0x3
0:506  0:000  Scanning SMBus [8086:8C22], mmio: 0xF7A19004, ioport: 0xF040, hostc: 0x11
0:506  0:000  Slots to scan [8]...
0:506  0:000  SPD[0]: Type 11 @0x50
0:525  0:018  Not using XMP because it is not present
0:525  0:000  DDR speed 1600MHz
0:525  0:000  Slot: 0 Type 24 4096MB 1600MHz Vendor=Samsung PartNo=M471B5173QH0-YK0 SerialNo=0F01040906010B0F
0:525  0:000  SPD[2]: Type 11 @0x52
0:543  0:018  Not using XMP because it is not present
0:543  0:000  DDR speed 1600MHz
0:543  0:000  Slot: 2 Type 24 4096MB 1600MHz Vendor=Samsung PartNo=M471B5173QH0-YK0 SerialNo=0F01040906010B05
0:544  0:000  === [ GetAcpiTablesList ] =================================
0:544  0:000  Get Acpi Tables List from RSDT:
0:544  0:000   - [00]: FACP  Notebook len=268
0:544  0:000   - [01]: APIC  Notebook len=146
0:544  0:000   - [02]: FPDT  Notebook len=68
0:544  0:000   - [03]: ECDT  Notebook len=193
0:544  0:000   - [04]: SSDT  zpodd len=413
0:544  0:000   - [05]: SSDT  Cpu0Ist len=1337
0:544  0:000   - [06]: SSDT  CpuPm len=2776
0:544  0:000   - [07]: MCFG  Notebook len=60
0:544  0:000   - [08]: HPET  Notebook len=56
0:544  0:000   - [09]: SSDT  SataTabl len=664
0:544  0:000   - [10]: SSDT  SaSsdt  len=17142
0:544  0:000   - [11]: SSDT  SgPeg len=5785
0:544  0:000   - [12]: DMAR  HSW  len=184
0:544  0:000   - [13]: SSDT  OptTabl len=6627
0:544  0:000   - [14]: MSDM  Notebook len=85
0:544  0:000  Calibrated TSC Frequency = 2394451844 = 2394MHz
0:544  0:000  === [ GetUserSettings ] ===================================
0:544  0:000  Add 1 devices:
0:544  0:000  Add 8 properties:
0:544  0:000   - [00]: NVidia Key: name, len: 9
0:544  0:000   - [01]: NVidia Key: IOName, len: 9
0:544  0:000   - [02]: NVidia Key: class-code, len: 4
0:544  0:000   - [03]: ATI Key: name, len: 9
0:544  0:000   - [04]: ATI Key: IOName, len: 9
0:544  0:000   - [05]: ATI Key: class-code, len: 4
0:544  0:000   - [06]: ATI Key: vendor-id, len: 4
0:544  0:000   - [07]: ATI Key: device-id, len: 4
0:544  0:000  USB FixOwnership: yes
0:544  0:000  Dropping 3 tables:
0:544  0:000   - [00]: Drop table  signature="MCFG" (4746434D)
0:544  0:000           - set table: 4746434D,                0 to drop: yes
0:544  0:000   - [01]: Drop table  signature="DMAR" (52414D44)
0:544  0:000           - set table: 52414D44,                0 to drop: yes
0:544  0:000   - [02]: Drop table  signature="MATS" (5354414D)
0:544  0:000           - set table: 5354414D,                0 to drop: no
0:544  0:000   - final DSDT Fix mask=00000000
0:544  0:000  PatchesDSDT: 11 requested
0:544  0:000   - [00]: (change OSID to XSID (to avoid match against _OSI XOSI patch)) lenToFind: 4, lenToReplace: 4, Target Bridge: <null string>
0:544  0:000    patch disabled at config
0:544  0:000   - [01]: (change _OSI to XOSI) lenToFind: 4, lenToReplace: 4, Target Bridge: <null string>
0:544  0:000    patch disabled at config
0:544  0:000   - [02]: (change _DSM to XDSM) lenToFind: 4, lenToReplace: 4, Target Bridge: <null string>
0:544  0:000    patch disabled at config
0:544  0:000   - [03]: (change EC0 to EC) lenToFind: 4, lenToReplace: 4, Target Bridge: <null string>
0:544  0:000    patch disabled at config
0:544  0:000   - [04]: (change H_EC to EC) lenToFind: 4, lenToReplace: 4, Target Bridge: <null string>
0:544  0:000    patch disabled at config
0:544  0:000   - [05]: (change EHC1 to EH01) lenToFind: 4, lenToReplace: 4, Target Bridge: <null string>
0:544  0:000   - [06]: (change EHC2 to EH02) lenToFind: 4, lenToReplace: 4, Target Bridge: <null string>
0:544  0:000   - [07]: (change GFX0 to IGPU) lenToFind: 4, lenToReplace: 4, Target Bridge: <null string>
0:544  0:000   - [08]: (change PCI0.VID to IGPU #1 (Thinkpad)) lenToFind: 8, lenToReplace: 8, Target Bridge: <null string>
0:544  0:000   - [09]: (change PCI0.VID to IGPU #2 (Thinkpad)) lenToFind: 14, lenToReplace: 14, Target Bridge: <null string>
0:544  0:000   - [10]: (change B0D3 to HDAU) lenToFind: 4, lenToReplace: 4, Target Bridge: <null string>
0:544  0:000  PluginType: 1
0:544  0:000  Using ProductName from config: MacBookPro11,2
0:544  0:000  Found same BiosVersion in clover and config
0:544  0:000  BiosVersion: MBP112.88Z.0147.B00.1809171519
0:544  0:000  BiosReleaseDate: 09/17/2018
0:544  0:000  Using EfiVersion from config: 149.0.0.0.0
0:544  0:000  Using FirmwareFeatures from config: 0xE80FE137
0:544  0:000  Using FirmwareFeaturesMask from config: 0xFF1FFF3F
0:544  0:000  Board-ID set from config as Mac-3CBD00234E554E41
0:544  0:000  BoardType: 0xA
0:544  0:000  ChassisType: 0xA
0:545  0:000  === [ Found DSDT tables ] =================================
0:610  0:065  === [ ScanVolumes ] =======================================
0:610  0:000  Found 12 volumes with blockIO
0:610  0:000  - [00]: Volume: PciRoot(0x0)\Pci(0x1D,0x0)\USB(0x1,0x0)\USB(0x3,0x1)
0:610  0:000          Found optical drive
0:612  0:001  Detected name APPLE COMPUTER, INC., TYPE: 00
0:612  0:000          Found AppleDVD
0:612  0:000          Result of bootcode detection: bootable unknown (mac)
0:612  0:000  - [01]: Volume: PciRoot(0x0)\Pci(0x1F,0x2)\Sata(0x2,0xFFFF,0x0)
0:612  0:000          Found optical drive
0:612  0:000  - [02]: Volume: PciRoot(0x0)\Pci(0x1F,0x2)\Sata(0x4,0xFFFF,0x0)
0:612  0:000  - [03]: Volume: PciRoot(0x0)\Pci(0x1F,0x2)\Sata(0x4,0xFFFF,0x0)\HD(1,GPT,8E4E8C35-E990-4BE8-AAB7-DB16517F59EC,0x30,0x96FD0)
0:613  0:000          Result of bootcode detection: bootable Windows (win)
0:614  0:001          This is SelfVolume !!
0:614  0:000  - [04]: Volume: PciRoot(0x0)\Pci(0x1F,0x2)\Sata(0x4,0xFFFF,0x0)\HD(2,GPT,1E14CEC1-D7FC-4937-94B3-2A2E1B3DF5F6,0x97000,0x40000)
0:615  0:000  - [05]: Volume: PciRoot(0x0)\Pci(0x1F,0x2)\Sata(0x4,0xFFFF,0x0)\HD(3,GPT,3CF3E885-7F69-4913-A2FA-0B98043A93D0,0xFA800,0x76110C9)
0:616  0:000          Result of bootcode detection: bootable Windows (vista,win)
0:616  0:000  - [06]: Volume: PciRoot(0x0)\Pci(0x1F,0x2)\Sata(0x4,0xFFFF,0x0)\HD(4,GPT,7989056D-6606-4DC4-AA94-320EFD4DAF2D,0x770B8D0,0x6400000)
0:616  0:000          Result of bootcode detection: bootable Windows (vista,win)
0:616  0:000  - [07]: Volume: PciRoot(0x0)\Pci(0x1F,0x2)\Sata(0x4,0xFFFF,0x0)\HD(5,GPT,348D8F9B-9715-4014-B9F0-283652EE3482,0xDB0C000,0x101E7288)
0:617  0:000          Result of bootcode detection: bootable unknown (legacy)
0:617  0:000  - [08]: Volume: PciRoot(0x0)\Pci(0x1F,0x2)\Sata(0x4,0xFFFF,0x0)\HD(5,GPT,348D8F9B-9715-4014-B9F0-283652EE3482,0xDB0C000,0x101E7288)\VenMedia(BE74FCF7-0B7C-49F3-9147-01F4042E6842,1CA2D938A368C24AAC93F4C63423A89C)
0:617  0:000          hiding this volume
0:617  0:000  - [09]: Volume: PciRoot(0x0)\Pci(0x1F,0x2)\Sata(0x4,0xFFFF,0x0)\HD(5,GPT,348D8F9B-9715-4014-B9F0-283652EE3482,0xDB0C000,0x101E7288)\VenMedia(BE74FCF7-0B7C-49F3-9147-01F4042E6842,6D10E1FEBD367745940AB82D42C4837D)
0:617  0:000  - [10]: Volume: PciRoot(0x0)\Pci(0x1F,0x2)\Sata(0x4,0xFFFF,0x0)\HD(5,GPT,348D8F9B-9715-4014-B9F0-283652EE3482,0xDB0C000,0x101E7288)\VenMedia(BE74FCF7-0B7C-49F3-9147-01F4042E6842,925AE0BC2EA7EF4D88708EC90A6E0380)
0:617  0:000  - [11]: Volume: PciRoot(0x0)\Pci(0x1F,0x2)\Sata(0x4,0xFFFF,0x0)\HD(5,GPT,348D8F9B-9715-4014-B9F0-283652EE3482,0xDB0C000,0x101E7288)\VenMedia(BE74FCF7-0B7C-49F3-9147-01F4042E6842,275DED859AAD1046BC842EB84ABF4A32)
0:617  0:000  PutNvramPlistToRtVars: nvram.plist not found
0:617  0:000  === [ InitTheme ] =========================================
0:618  0:001  GlobalConfig: BGM not found, get embedded theme
0:618  0:000   using embedded theme
0:619  0:000  Using embedded font: Success
0:619  0:000  theme inited
0:619  0:000  Chosen embedded theme
0:619  0:000  after NVRAM boot-args=-v dart=0 nv_disable=1 kext-dev-mode=1 debug=0x100 -alcoff
0:619  0:000  === [ Dump SMC keys from NVRAM ] ==========================
0:619  0:000  found AppleSMC protocol
0:619  0:000  Registered 0 SMC keys
0:619  0:000  === [ AddCustomEntries ] ==================================
0:619  0:000  Custom entry 0 Title:"Recovery" Path:"\com.apple.recovery.boot\boot.efi" Type:10 Flags:0x6 matching all volumes
0:619  0:000      Checking volume "EFI" (PciRoot(0x0)\Pci(0x1F,0x2)\Sata(0x4,0xFFFF,0x0)\HD(1,GPT,8E4E8C35-E990-4BE8-AAB7-DB16517F59EC,0x30,0x96FD0)) ... skipped because path does not exist
0:620  0:001      Checking volume "Preboot" (PciRoot(0x0)\Pci(0x1F,0x2)\Sata(0x4,0xFFFF,0x0)\HD(5,GPT,348D8F9B-9715-4014-B9F0-283652EE3482,0xDB0C000,0x101E7288)\VenMedia(BE74FCF7-0B7C-49F3-9147-01F4042E6842,1CA2D938A368C24AAC93F4C63423A89C)) ... skipped because volume is hidden
0:620  0:000      Checking volume "mac" (PciRoot(0x0)\Pci(0x1F,0x2)\Sata(0x4,0xFFFF,0x0)\HD(5,GPT,348D8F9B-9715-4014-B9F0-283652EE3482,0xDB0C000,0x101E7288)\VenMedia(BE74FCF7-0B7C-49F3-9147-01F4042E6842,6D10E1FEBD367745940AB82D42C4837D)) ... skipped because path does not exist
0:620  0:000      Checking volume "Recovery" (PciRoot(0x0)\Pci(0x1F,0x2)\Sata(0x4,0xFFFF,0x0)\HD(5,GPT,348D8F9B-9715-4014-B9F0-283652EE3482,0xDB0C000,0x101E7288)\VenMedia(BE74FCF7-0B7C-49F3-9147-01F4042E6842,925AE0BC2EA7EF4D88708EC90A6E0380)) ... skipped because path does not exist
0:620  0:000      Checking volume "VM" (PciRoot(0x0)\Pci(0x1F,0x2)\Sata(0x4,0xFFFF,0x0)\HD(5,GPT,348D8F9B-9715-4014-B9F0-283652EE3482,0xDB0C000,0x101E7288)\VenMedia(BE74FCF7-0B7C-49F3-9147-01F4042E6842,275DED859AAD1046BC842EB84ABF4A32)) ... skipped because path does not exist
0:620  0:000  Custom entry 1 Title:"Windows" Path:"\EFI\Microsoft\Boot\bootmgfw.efi" Options:"-s -h" Type:7 Flags:0x0 matching all volumes
0:620  0:000      Checking volume "EFI" (PciRoot(0x0)\Pci(0x1F,0x2)\Sata(0x4,0xFFFF,0x0)\HD(1,GPT,8E4E8C35-E990-4BE8-AAB7-DB16517F59EC,0x30,0x96FD0)) ... match!
0:623  0:002  Custom settings: <null string>.plist will  be applied
0:623  0:000      Checking volume "Preboot" (PciRoot(0x0)\Pci(0x1F,0x2)\Sata(0x4,0xFFFF,0x0)\HD(5,GPT,348D8F9B-9715-4014-B9F0-283652EE3482,0xDB0C000,0x101E7288)\VenMedia(BE74FCF7-0B7C-49F3-9147-01F4042E6842,1CA2D938A368C24AAC93F4C63423A89C)) ... skipped because volume is hidden
0:623  0:000      Checking volume "mac" (PciRoot(0x0)\Pci(0x1F,0x2)\Sata(0x4,0xFFFF,0x0)\HD(5,GPT,348D8F9B-9715-4014-B9F0-283652EE3482,0xDB0C000,0x101E7288)\VenMedia(BE74FCF7-0B7C-49F3-9147-01F4042E6842,6D10E1FEBD367745940AB82D42C4837D)) ... skipped because path does not exist
0:623  0:000      Checking volume "Recovery" (PciRoot(0x0)\Pci(0x1F,0x2)\Sata(0x4,0xFFFF,0x0)\HD(5,GPT,348D8F9B-9715-4014-B9F0-283652EE3482,0xDB0C000,0x101E7288)\VenMedia(BE74FCF7-0B7C-49F3-9147-01F4042E6842,925AE0BC2EA7EF4D88708EC90A6E0380)) ... skipped because path does not exist
0:623  0:000      Checking volume "VM" (PciRoot(0x0)\Pci(0x1F,0x2)\Sata(0x4,0xFFFF,0x0)\HD(5,GPT,348D8F9B-9715-4014-B9F0-283652EE3482,0xDB0C000,0x101E7288)\VenMedia(BE74FCF7-0B7C-49F3-9147-01F4042E6842,275DED859AAD1046BC842EB84ABF4A32)) ... skipped because path does not exist
0:623  0:000  === [ ScanLoader ] ========================================
0:623  0:000  - [03]: 'EFI'
0:624  0:001          AddLoaderEntry for Volume Name=EFI
0:624  0:000       skipped because path `PciRoot(0x0)\Pci(0x1F,0x2)\Sata(0x4,0xFFFF,0x0)\HD(1,GPT,8E4E8C35-E990-4BE8-AAB7-DB16517F59EC,0x30,0x96FD0)\EFI\microsoft\Boot\bootmgfw.efii` already exists for another entry!
0:629  0:004          AddLoaderEntry for Volume Name=EFI
0:629  0:000          skipped because entry is hidden
0:629  0:000  - [08]: 'Preboot', hidden
0:629  0:000  - [09]: 'mac'
0:665  0:035          AddLoaderEntry for Volume Name=mac
0:672  0:007      hibernated: set as never
0:679  0:006  - [10]: 'Recovery'
0:680  0:001          AddLoaderEntry for Volume Name=Recovery
0:685  0:004  - [11]: 'VM'
0:685  0:000  === [ AddCustomTool ] =====================================
0:687  0:001  found tool \EFI\CLOVER\tools\Shell64U.efi
0:687  0:000  Checking EFI partition Volume 3 for Clover
0:687  0:000   Found Clover
0:687  0:000  EmuVariable UninstallEmulation: CloseEvent = Success, original var services restored
0:687  0:000  EmuVariable InstallEmulation: orig vars copied, emu.var.services installed, CreateEvent VirtualAddressChange = Success, CreateEvent ExitBootServices = Success, set Status=Success
0:693  0:005  === [ GetEfiBootDeviceFromNvram ] =========================
0:693  0:000  Default boot entry not found
0:693  0:000  EmuVariable UninstallEmulation: CloseEvent = Success, original var services restored
0:693  0:000  DefaultIndex=-1 and MainMenu.EntryCount=9
0:693  0:000  not run anime
1:226  0:533  GUI ready
10:820  9:593  BootVariable of the entry is empty
10:820  0:000  === [ StartLoader ] =======================================
10:820  0:000  Finally: ExternalClock=25MHz BusSpeed=99769kHz CPUFreq=2394MHz PIS: hw.busfrequency=100000000Hz
10:820  0:000  Loading boot.efi  status=Success
10:851  0:031  GetOSVersion: 10.14.2 (18C54)
10:851  0:000  CSR_CFG: CSR_ALLOW_UNTRUSTED_KEXTS | CSR_ALLOW_UNRESTRICTED_FS | CSR_ALLOW_TASK_FOR_PID | CSR_ALLOW_UNRESTRICTED_DTRACE | CSR_ALLOW_UNRESTRICTED_NVRAM
10:851  0:000  Filtering KextPatches:
10:851  0:000   - [00]: com.apple.driver.AppleIntelFramebufferAzul (Enable 9MB cursor bytes, 0x0a260006) :: BinPatch :: [OS: 10.14.2 | MatchOS: All | MatchBuild: All] ==> allowed
10:851  0:000   - [01]: com.apple.driver.AppleIntelFramebufferAzul (Enable 96MB DVMT-prealloc, 0x0a2e0008) :: BinPatch :: [OS: 10.14.2 | MatchOS: All | MatchBuild: All] ==> disabled by user
10:851  0:000   - [02]: com.apple.driver.AppleIntelFramebufferAzul (Enable 128MB DVMT-prealloc, 0x0a2e0008) :: BinPatch :: [OS: 10.14.2 | MatchOS: All | MatchBuild: All] ==> disabled by user
10:851  0:000   - [03]: com.apple.driver.AppleIntelFramebufferAzul (Enable 128MB DVMT-prealloc, 48MB framebuffer, 48MB cursor bytes, 0x0a260006) :: BinPatch :: [OS: 10.14.2 | MatchOS: All | MatchBuild: All] ==> disabled by user
10:851  0:000   - [04]: com.apple.driver.AppleIntelFramebufferAzul (HDMI-audio, port 0105, 0x0a260005 0x0a260006, 0x0d220003, 0x0a2e000a, 0x0a26000a) :: BinPatch :: [OS: 10.14.2 | MatchOS: All | MatchBuild: All] ==> disabled by user
10:851  0:000   - [05]: com.apple.driver.AppleIntelFramebufferAzul (HDMI-audio, port 0204, 0x0d220003, 0x0a2e000a, 0x0a26000a) :: BinPatch :: [OS: 10.14.2 | MatchOS: All | MatchBuild: All] ==> disabled by user
10:851  0:000   - [06]: com.apple.driver.AppleIntelFramebufferAzul (HDMI-audio, port 0204, 0x0a260005 0x0a260006) :: BinPatch :: [OS: 10.14.2 | MatchOS: All | MatchBuild: All] ==> disabled by user
10:851  0:000   - [07]: com.apple.driver.AppleIntelFramebufferAzul (HDMI-audio, port 0105, 0x0a2e0008, 0x0a16000c, 0x0a2e000d, 0x0a26000d) :: BinPatch :: [OS: 10.14.2 | MatchOS: All | MatchBuild: All] ==> disabled by user
10:851  0:000   - [08]: com.apple.driver.AppleIntelFramebufferAzul (HDMI-audio, port 0204, 0x0a2e0008, 0x0a16000c, 0x0a2e000d, 0x0a26000d) :: BinPatch :: [OS: 10.14.2 | MatchOS: All | MatchBuild: All] ==> disabled by user
10:851  0:000   - [09]: com.apple.driver.AppleIntelFramebufferAzul (HDMI-audio, port 0204, alternate/later versions macOS, 0x0a2e0008, 0x0a16000c, 0x0a2e000d, 0x0a26000d) :: BinPatch :: [OS: 10.14.2 | MatchOS: All | MatchBuild: All] ==> disabled by user
10:851  0:000   - [10]: com.apple.driver.AppleIntelFramebufferAzul (HDMI-audio, port 0204, 0x0a2e0008, 0x0a16000c, 0x0a2e000d, 0x0a26000d) :: BinPatch :: [OS: 10.14.2 | MatchOS: 10.12.x | MatchBuild: All] ==> disabled by user
10:851  0:000   - [11]: com.apple.driver.AppleIntelFramebufferAzul (Enable internal display after sleep for 0x0a2e0008 on 10.10.2-10.12.x (c) syscl) :: BinPatch :: [OS: 10.14.2 | MatchOS: 10.10.x,10.11.x,10.12.x | MatchBuild: All] ==> disabled by user
10:851  0:000   - [12]: com.apple.driver.AppleIntelFramebufferAzul (Enable internal display after sleep for 0x0a2e0008 on 10.13.x (c) syscl) :: BinPatch :: [OS: 10.14.2 | MatchOS: 10.13.x | MatchBuild: All] ==> disabled by user
10:851  0:000   - [13]: AppleIntelFramebufferAzul (Enable internal display after sleep for 0x0a2e000a, 0x0a26000a) :: BinPatch :: [OS: 10.14.2 | MatchOS: All | MatchBuild: All] ==> disabled by user
10:851  0:000   - [14]: com.apple.driver.AppleIntelFramebufferAzul (HDMI-audio, port 0105(12), 0x0a260005 0x0a260006, 0x0d220003, 0x0a2e000a, 0x0a26000a) :: BinPatch :: [OS: 10.14.2 | MatchOS: All | MatchBuild: All] ==> disabled by user
10:851  0:000   - [15]: com.apple.driver.AppleIntelFramebufferAzul (HDMI-audio, port 0204(12), 0x0d220003, 0x0a2e000a, 0x0a26000a) :: BinPatch :: [OS: 10.14.2 | MatchOS: All | MatchBuild: All] ==> disabled by user
10:851  0:000   - [16]: com.apple.driver.AppleIntelFramebufferAzul (HDMI-audio, port 0204(12), 0x0a260005 0x0a260006) :: BinPatch :: [OS: 10.14.2 | MatchOS: All | MatchBuild: All] ==> disabled by user
10:851  0:000   - [17]: com.apple.driver.AppleIntelFramebufferAzul (HDMI-audio, port 0105(12), 0x0a2e0008, 0x0a16000c, 0x0a2e000d, 0x0a26000d) :: BinPatch :: [OS: 10.14.2 | MatchOS: All | MatchBuild: All] ==> disabled by user
10:851  0:000   - [18]: com.apple.driver.AppleIntelFramebufferAzul (HDMI-audio, port 0204(12), 0x0a2e0008, 0x0a16000c, 0x0a2e000d, 0x0a26000d) :: BinPatch :: [OS: 10.14.2 | MatchOS: All | MatchBuild: All] ==> disabled by user
10:851  0:000   - [19]: com.apple.driver.AppleIntelFramebufferAzul (HDMI-audio, port 0204(12), 0x0a2e0008, 0x0a16000c, 0x0a2e000d, 0x0a26000d) :: BinPatch :: [OS: 10.14.2 | MatchOS: 10.12.x | MatchBuild: All] ==> disabled by user
10:851  0:000  Filtering KernelPatches:
10:851  0:000   - [00]: MSR 0xE2 _xcpm_idle instant reboot(c) Pike R. Alpha :: [OS: 10.14.2 | MatchOS: All | MatchBuild: no] ==> allowed by OS
10:851  0:000   - [01]: Disable panic kext logging on 10.13 Debug kernel :: [OS: 10.14.2 | MatchOS: 10.13 | MatchBuild: no] ==> not allowed by OS
10:851  0:000   - [02]: Disable panic kext logging on 10.13 Release kernel :: [OS: 10.14.2 | MatchOS: 10.13 | MatchBuild: no] ==> not allowed by OS
10:851  0:000  Will not patch boot.efi
10:851  0:000  EmuVariable InstallEmulation: orig vars copied, emu.var.services installed, CreateEvent VirtualAddressChange = Success, CreateEvent ExitBootServices = Success, set Status=Success
10:857  0:005  === [ PatchSmbios ] =======================================
10:857  0:000  insert table 9 for dev 0:0
10:857  0:000  insert table 9 for dev 0:0
10:858  0:000  Trusting SMBIOS...
10:858  0:000  Channels: 2
10:858  0:000  Interleave: 0 2 1 3 4 6 5 7 8 10 9 11 12 14 13 15 16 18 17 19 20 22 21 23
10:858  0:000   partNum=M471B5173QH0-YK0  
10:858  0:000  SMBIOS Type 17 Index = 0 => 0 0:
10:858  0:000  BANK 0 DIMM0 1600MHz 4096MB
10:858  0:000   partNum=M471B5173QH0-YK0  
10:858  0:000  SMBIOS Type 17 Index = 1 => 2 2:
10:858  0:000  BANK 1 DIMM0 1600MHz 4096MB
10:858  0:000  mTotalSystemMemory = 8192
10:858  0:000  NumberOfMemoryDevices = 2
10:858  0:000  Type20[0]->End = 0x3FFFFF, Type17[0] = 0x1000
10:858  0:000  Type20[1]->End = 0x7FFFFF, Type17[1] = 0x3000
10:858  0:000  Table 131 is present, CPUType=31
10:858  0:000  Change to: 705
10:858  0:000  === [ PatchACPI ] =========================================
10:858  0:000  Xsdt reallocation done
10:858  0:000  old FADT length=10C
10:858  0:000   SignatureFixup: 0x12 -> 0x0
10:859  0:001  Apply DsdtFixMask=0x00000000
10:859  0:000     drop _DSM mask=0x0000
10:859  0:000  === [ FixBiosDsdt ] =======================================
10:859  0:000  VideoCard devID=0x4168086
10:859  0:000  DisplayADR1[0] = 0x20000, DisplayADR2[0] = 0xFFFE
10:859  0:000  USBADR[0] = 0x140000 and PCIe = 0xFFFE
10:859  0:000  USBADR[1] = 0x1A0000 and PCIe = 0xFFFE
10:860  0:000  Found Airport Atheros at 0x1C0002, 0x0, DeviceID=0x0032
10:860  0:000  USBADR[2] = 0x1D0000 and PCIe = 0xFFFE
10:860  0:000  Patching DSDT:
10:860  0:000   - [change OSID to XSID (to avoid match against _OSI XOSI patch)]: disabled
10:860  0:000   - [change _OSI to XOSI]: disabled
10:860  0:000   - [change _DSM to XDSM]: disabled
10:860  0:000   - [change EC0 to EC]: disabled
10:860  0:000   - [change H_EC to EC]: disabled
10:860  0:000   - [change EHC1 to EH01]: pattern 45484331, patched at: [ (4950) (43E0) (F) (10) (9720) ]
10:860  0:000   - [change EHC2 to EH02]: pattern 45484332, patched at: [ (4EDA) (3E91) (F) (10) (98AA) ]
10:860  0:000   - [change GFX0 to IGPU]: pattern 47465830, patched at: [ (76CC) (67) (1B) (13) (19) (52) (1B) (13) (19) (9BA) (30) (16B) (286) (BB3) (14) (56) (E5A) (10) (35) (10) (34) (F) (39) (10) (5158) (1524) (9) (8) (49) (D) (10) (10C) (D) (10) (A1A) (81) (9) (19B9) (3C) ]
10:860  0:000   - [change PCI0.VID to IGPU #1 (Thinkpad)]: pattern 50434930, bin not found / already patched!
10:860  0:000   - [change PCI0.VID to IGPU #2 (Thinkpad)]: pattern 5649445F, bin not found / already patched!
10:860  0:000   - [change B0D3 to HDAU]: pattern 42304433, bin not found / already patched!
10:860  0:000    0 replacements
10:860  0:000  first CPU found at 73BC offset 73BF
10:860  0:000  score candidate at 73B8
10:860  0:000  score inserted in acpi_cpu_score _PR_
10:860  0:000  Found ACPI CPU: CPU0 | CPU1 | CPU2 | CPU3 | CPU4 | CPU5 | CPU6 | CPU7 , within the score: _PR_
10:860  0:000  PreCleanup XSDT: count=15, length=156
10:860  0:000  PreCleanup XSDT, corrected XSDT: count=15, length=156
10:860  0:000  === [ ACPIPatchedAML ] ====================================
10:860  0:000  AutoMerge pass 1
10:860  0:000  Unsorted
10:860  0:000  Inserting SSDT-UIAC-ALL.aml from EFI\CLOVER\ACPI\patched: ignore on pass 1
10:860  0:000  Inserting SSDT-Disable-DGPU.aml from EFI\CLOVER\ACPI\patched: ignore on pass 1
10:860  0:000  === [ ACPIDropTables ] ====================================
10:860  0:000  Drop tables from XSDT, SIGN=DMAR TableID=HSW  Length=184
10:860  0:000   Table[12]: DMAR  HSW   184 dropped
10:860  0:000  Drop tables from XSDT, SIGN=MCFG TableID=Notebook Length=60
10:860  0:000   Table[7]: MCFG  Notebook  60 dropped
10:860  0:000  0. [change OSID to XSID (to avoid match against _OSI XOSI patch)]: disabled
10:860  0:000  1. [change _OSI to XOSI]: disabled
10:860  0:000  2. [change _DSM to XDSM]: disabled
10:860  0:000  3. [change EC0 to EC]: disabled
10:860  0:000  4. [change H_EC to EC]: disabled
10:860  0:000  5. [change EHC1 to EH01]: pattern 45484331, bin not found / already patched!
10:860  0:000  6. [change EHC2 to EH02]: pattern 45484332, bin not found / already patched!
10:860  0:000  7. [change GFX0 to IGPU]: pattern 47465830, bin not found / already patched!
10:860  0:000  8. [change PCI0.VID to IGPU #1 (Thinkpad)]: pattern 50434930, bin not found / already patched!
10:860  0:000  9. [change PCI0.VID to IGPU #2 (Thinkpad)]: pattern 5649445F, bin not found / already patched!
10:860  0:000  10. [change B0D3 to HDAU]: pattern 42304433, bin not found / already patched!
10:860  0:000    0 replacements
10:860  0:000  0. [change OSID to XSID (to avoid match against _OSI XOSI patch)]: disabled
10:860  0:000  1. [change _OSI to XOSI]: disabled
10:860  0:000  2. [change _DSM to XDSM]: disabled
10:860  0:000  3. [change EC0 to EC]: disabled
10:860  0:000  4. [change H_EC to EC]: disabled
10:860  0:000  5. [change EHC1 to EH01]: pattern 45484331, bin not found / already patched!
10:860  0:000  6. [change EHC2 to EH02]: pattern 45484332, bin not found / already patched!
10:860  0:000  7. [change GFX0 to IGPU]: pattern 47465830, bin not found / already patched!
10:860  0:000  8. [change PCI0.VID to IGPU #1 (Thinkpad)]: pattern 50434930, bin not found / already patched!
10:860  0:000  9. [change PCI0.VID to IGPU #2 (Thinkpad)]: pattern 5649445F, bin not found / already patched!
10:860  0:000  10. [change B0D3 to HDAU]: pattern 42304433, bin not found / already patched!
10:860  0:000    0 replacements
10:860  0:000  0. [change OSID to XSID (to avoid match against _OSI XOSI patch)]: disabled
10:860  0:000  1. [change _OSI to XOSI]: disabled
10:860  0:000  2. [change _DSM to XDSM]: disabled
10:860  0:000  3. [change EC0 to EC]: disabled
10:860  0:000  4. [change H_EC to EC]: disabled
10:860  0:000  5. [change EHC1 to EH01]: pattern 45484331, bin not found / already patched!
10:860  0:000  6. [change EHC2 to EH02]: pattern 45484332, bin not found / already patched!
10:860  0:000  7. [change GFX0 to IGPU]: pattern 47465830, bin not found / already patched!
10:860  0:000  8. [change PCI0.VID to IGPU #1 (Thinkpad)]: pattern 50434930, bin not found / already patched!
10:861  0:000  9. [change PCI0.VID to IGPU #2 (Thinkpad)]: pattern 5649445F, bin not found / already patched!
10:861  0:000  10. [change B0D3 to HDAU]: pattern 42304433, bin not found / already patched!
10:861  0:000    0 replacements
10:861  0:000  Found OperationRegion(PPMT, SystemMemory, CAB25E98, ...)
10:861  0:000  0. [change OSID to XSID (to avoid match against _OSI XOSI patch)]: disabled
10:861  0:000  1. [change _OSI to XOSI]: disabled
10:861  0:000  2. [change _DSM to XDSM]: disabled
10:861  0:000  3. [change EC0 to EC]: disabled
10:861  0:000  4. [change H_EC to EC]: disabled
10:861  0:000  5. [change EHC1 to EH01]: pattern 45484331, bin not found / already patched!
10:861  0:000  6. [change EHC2 to EH02]: pattern 45484332, bin not found / already patched!
10:861  0:000  7. [change GFX0 to IGPU]: pattern 47465830, bin not found / already patched!
10:861  0:000  8. [change PCI0.VID to IGPU #1 (Thinkpad)]: pattern 50434930, bin not found / already patched!
10:861  0:000  9. [change PCI0.VID to IGPU #2 (Thinkpad)]: pattern 5649445F, bin not found / already patched!
10:861  0:000  10. [change B0D3 to HDAU]: pattern 42304433, bin not found / already patched!
10:861  0:000    0 replacements
10:861  0:000  0. [change OSID to XSID (to avoid match against _OSI XOSI patch)]: disabled
10:861  0:000  1. [change _OSI to XOSI]: disabled
10:861  0:000  2. [change _DSM to XDSM]: disabled
10:861  0:000  3. [change EC0 to EC]: disabled
10:861  0:000  4. [change H_EC to EC]: disabled
10:861  0:000  5. [change EHC1 to EH01]: pattern 45484331, bin not found / already patched!
10:861  0:000  6. [change EHC2 to EH02]: pattern 45484332, bin not found / already patched!
10:861  0:000  7. [change GFX0 to IGPU]: pattern 47465830, patched at: [ (BC1) (2E) (17) (1A) (198C) (B72) (1D) (293) (DFB) (12) (12) (57) (30) ]
10:861  0:000  8. [change PCI0.VID to IGPU #1 (Thinkpad)]: pattern 50434930, bin not found / already patched!
10:861  0:000  9. [change PCI0.VID to IGPU #2 (Thinkpad)]: pattern 5649445F, bin not found / already patched!
10:861  0:000  10. [change B0D3 to HDAU]: pattern 42304433, patched at: [ (899) (274B) (F) (F) ]
10:861  0:000    0 replacements
10:861  0:000  Found OperationRegion(SANV, SystemMemory, CAB0CE18, ...)
10:861  0:000  Found OperationRegion(CCDC, SystemMemory, 80000000, ...)
10:861  0:000  0. [change OSID to XSID (to avoid match against _OSI XOSI patch)]: disabled
10:861  0:000  1. [change _OSI to XOSI]: disabled
10:861  0:000  2. [change _DSM to XDSM]: disabled
10:861  0:000  3. [change EC0 to EC]: disabled
10:861  0:000  4. [change H_EC to EC]: disabled
10:861  0:000  5. [change EHC1 to EH01]: pattern 45484331, bin not found / already patched!
10:861  0:000  6. [change EHC2 to EH02]: pattern 45484332, bin not found / already patched!
10:861  0:000  7. [change GFX0 to IGPU]: pattern 47465830, patched at: [ (F08) (1F) (22) (2A) (22) (2A) (22) (2A) (22) (2A) (22) (2A) (22) (2A) (22) (2A) (22) (2A) (22) (2A) (22) (2A) (22) (2A) (22) (2A) (22) (2A) (22) (2A) (22) (2A) (1B) (1B) (22) (1B) (1B) ]
10:861  0:000  8. [change PCI0.VID to IGPU #1 (Thinkpad)]: pattern 50434930, bin not found / already patched!
10:861  0:000  9. [change PCI0.VID to IGPU #2 (Thinkpad)]: pattern 5649445F, bin not found / already patched!
10:861  0:000  10. [change B0D3 to HDAU]: pattern 42304433, bin not found / already patched!
10:861  0:000    0 replacements
10:861  0:000  0. [change OSID to XSID (to avoid match against _OSI XOSI patch)]: disabled
10:861  0:000  1. [change _OSI to XOSI]: disabled
10:861  0:000  2. [change _DSM to XDSM]: disabled
10:861  0:000  3. [change EC0 to EC]: disabled
10:861  0:000  4. [change H_EC to EC]: disabled
10:861  0:000  5. [change EHC1 to EH01]: pattern 45484331, bin not found / already patched!
10:861  0:000  6. [change EHC2 to EH02]: pattern 45484332, bin not found / already patched!
10:861  0:000  7. [change GFX0 to IGPU]: pattern 47465830, patched at: [ (12E) (19) (164) (C0) (527) (10FA) (11) ]
10:861  0:000  8. [change PCI0.VID to IGPU #1 (Thinkpad)]: pattern 50434930, bin not found / already patched!
10:861  0:000  9. [change PCI0.VID to IGPU #2 (Thinkpad)]: pattern 5649445F, bin not found / already patched!
10:861  0:000  10. [change B0D3 to HDAU]: pattern 42304433, bin not found / already patched!
10:861  0:000    0 replacements
10:861  0:000  === [ ACPIPatchedAML ] ====================================
10:861  0:000  AutoMerge pass 2
10:861  0:000  Unsorted
10:861  0:000  Inserting SSDT-UIAC-ALL.aml from EFI\CLOVER\ACPI\patched: size=7540 ... Success
10:861  0:000  Inserting SSDT-Disable-DGPU.aml from EFI\CLOVER\ACPI\patched: size=1411 ... Success
10:862  0:000  CPUBase=0 and ApicCPUBase=1 ApicCPUNum=8
10:862  0:000  Maximum control=0x18
10:862  0:000  Turbo control=0x22
10:862  0:000  P-States: min 0x8, max 0x22
10:862  0:000  SSDT with plugin-type without P-States is generated
10:862  0:000  Cleanup XSDT: count=18, length=180
10:862  0:000  corrected XSDT count=16, length=164
10:862  0:000  === [ RestSetup macOS ] ===================================
10:862  0:000  EdidDiscovered size=128
10:862  0:000  --- Discovered EDID Table size:128
10:862  0:000  000  |  00  FF  FF  FF  FF  FF  FF  00  4C  83
10:862  0:000  010  |  4C  32  00  00  00  00  00  17  01  04
10:862  0:000  020  |  95  22  13  78  0A  CE  85  9E  5B  4C
10:862  0:000  030  |  94  26  17  50  54  00  00  00  01  01
10:862  0:000  040  |  01  01  01  01  01  01  01  01  01  01
10:862  0:000  050  |  01  01  01  01  DC  37  80  A0  70  38
10:862  0:000  060  |  40  40  30  20  25  00  58  C2  10  00
10:862  0:000  070  |  00  19  00  00  00  0F  00  00  00  00
10:862  0:000  080  |  00  00  00  00  00  1E  82  10  52  00
10:862  0:000  090  |  00  00  00  FE  00  53  41  4D  53  55
10:862  0:000  100  |  4E  47  0A  20  20  20  20  20  00  00
10:862  0:000  110  |  00  FE  00  31  35  36  48  4C  30  31
10:862  0:000  120  |  2D  31  30  32  0A  20  00  D1
10:862  0:000  add device: PciRoot(0x0)/Pci(0x2,0x0)
10:862  0:000     Add key=framebuffer-unifiedmem valuelen=4
10:862  0:000     Add key=framebuffer-stolenmem valuelen=4
10:862  0:000     Add key=framebuffer-portcount valuelen=4
10:862  0:000     Add key=framebuffer-patch-enable valuelen=4
10:862  0:000     Add key=framebuffer-memorycount valuelen=4
10:862  0:000     Add key=framebuffer-fbmem valuelen=4
10:862  0:000     Add key=framebuffer-cursormem valuelen=4
10:862  0:000     Add key=framebuffer-con0-enable valuelen=4
10:862  0:000     Add key=framebuffer-con0-alldata valuelen=37
10:862  0:000     Add key=disable-external-gpu valuelen=4
10:862  0:000     Add key=device-id valuelen=4
10:862  0:000     Add key=AAPL,ig-platform-id valuelen=4
10:862  0:000  Intel GFX injection not set
10:862  0:000  stringlength = 3316
10:862  0:000  CurrentMode: Width=1024 Height=768
10:862  0:000  Beginning FSInjection
FSInjectionInstall ...
- Our FSI_SIMPLE_FILE_SYSTEM_PROTOCOL installed on handle: BDC7F618
FSInjectionInstall ...
- Our FSI_SIMPLE_FILE_SYSTEM_PROTOCOL installed on handle: BDC7F618
10:863  0:000  Use origin smbios table type 1 guid.
10:864  0:000    Force kext: System\Library\Extensions\IONetworkingFamily.kext
10:886  0:022      Force PlugIn kext: System\Library\Extensions\IONetworkingFamily.kext\Contents\PlugIns\nvenet.kext
10:892  0:006      Force PlugIn kext: System\Library\Extensions\IONetworkingFamily.kext\Contents\PlugIns\AppleEthernetAquantiaAqtion.kext
10:898  0:006      Force PlugIn kext: System\Library\Extensions\IONetworkingFamily.kext\Contents\PlugIns\AppleBCM5701Ethernet.kext
10:905  0:006      Force PlugIn kext: System\Library\Extensions\IONetworkingFamily.kext\Contents\PlugIns\AppleIntelI210Ethernet.kext
10:911  0:005      Force PlugIn kext: System\Library\Extensions\IONetworkingFamily.kext\Contents\PlugIns\Intel82574L.kext
10:916  0:005      Force PlugIn kext: System\Library\Extensions\IONetworkingFamily.kext\Contents\PlugIns\IOEthernetAVBController.kext
10:921  0:004      Force PlugIn kext: System\Library\Extensions\IONetworkingFamily.kext\Contents\PlugIns\AppleYukon2.kext
10:929  0:008      Force PlugIn kext: System\Library\Extensions\IONetworkingFamily.kext\Contents\PlugIns\AppleEthernetAquantiaAqtionFirmware.kext
10:937  0:007      Force PlugIn kext: System\Library\Extensions\IONetworkingFamily.kext\Contents\PlugIns\AppleIntel8254XEthernet.kext
10:942  0:005      Force PlugIn kext: System\Library\Extensions\IONetworkingFamily.kext\Contents\PlugIns\AppleVmxnet3Ethernet.kext
10:947  0:005      Force PlugIn kext: System\Library\Extensions\IONetworkingFamily.kext\Contents\PlugIns\mDNSOffloadUserClient.kext
10:952  0:005  Preparing kexts injection for arch=x86_64 from EFI\CLOVER\kexts\Other
10:952  0:000  Extra kext: EFI\CLOVER\kexts\Other\XHCI-unsupported.kext (v.0.9.2)
10:954  0:001  Extra kext: EFI\CLOVER\kexts\Other\XHCI-300-series-injector.kext (v.0.5.0)
10:956  0:001  Extra kext: EFI\CLOVER\kexts\Other\XHCI-200-series-injector.kext (v.0.5.0)
10:958  0:001  Extra kext: EFI\CLOVER\kexts\Other\WhateverGreen_v1.2.4.kext (v.1.2.4)
10:962  0:003  Extra kext: EFI\CLOVER\kexts\Other\VoodooPS2Controller_v1.9.2.kext (v.1.9.2)
10:964  0:002    |-- PlugIn kext: EFI\CLOVER\kexts\Other\VoodooPS2Controller_v1.9.2.kext\Contents\PlugIns\VoodooPS2Trackpad.kext (v.1.9.2)
10:968  0:003    |-- PlugIn kext: EFI\CLOVER\kexts\Other\VoodooPS2Controller_v1.9.2.kext\Contents\PlugIns\VoodooPS2Mouse.kext (v.1.9.2)
10:972  0:003    |-- PlugIn kext: EFI\CLOVER\kexts\Other\VoodooPS2Controller_v1.9.2.kext\Contents\PlugIns\VoodooPS2Keyboard.kext (v.1.9.2)
10:976  0:004  Extra kext: EFI\CLOVER\kexts\Other\USBInjectAll_v0.7.1.kext (v.0.7.1)
11:007  0:030  Extra kext: EFI\CLOVER\kexts\Other\SATA-RAID-unsupported.kext (v.0.9.2)
11:009  0:002  Extra kext: EFI\CLOVER\kexts\Other\SATA-200-series-unsupported.kext (v.0.5.1)
11:011  0:002  Extra kext: EFI\CLOVER\kexts\Other\SATA-100-series-unsupported.kext (v.0.5.1)
11:014  0:002  Extra kext: EFI\CLOVER\kexts\Other\RealtekRTL8111.kext (v.2.2.2)
11:018  0:004  Extra kext: EFI\CLOVER\kexts\Other\RealtekRTL8100.kext (v.2.0.1)
11:022  0:003  Extra kext: EFI\CLOVER\kexts\Other\Lilu_v1.2.8.kext (v.1.2.8)
11:025  0:003  Extra kext: EFI\CLOVER\kexts\Other\IntelMausiEthernet.kext (v.2.4.0d0)
11:029  0:003  Extra kext: EFI\CLOVER\kexts\Other\GenericUSBXHCI.kext (v.1.2.11)
11:033  0:003  Extra kext: EFI\CLOVER\kexts\Other\FakeSMC_v1800.kext (v.1800)
11:037  0:004  Extra kext: EFI\CLOVER\kexts\Other\AtherosE2200Ethernet.kext (v.2.2.2)
11:041  0:003  Extra kext: EFI\CLOVER\kexts\Other\AppleIntelE1000e.kext (v.3.3.6)
11:045  0:004  Extra kext: EFI\CLOVER\kexts\Other\AppleIGB.kext (v.5.3.5)
11:050  0:004  Extra kext: EFI\CLOVER\kexts\Other\AHCI_Intel_Generic_SATA.kext (v.0.5)
11:053  0:002  Extra kext: EFI\CLOVER\kexts\Other\AHCI_3rdParty_SATA.kext (v.0.5)
11:057  0:004  Extra kext: EFI\CLOVER\kexts\Other\AHCI_3rdParty_eSATA.kext (v.0.5)
11:064  0:007  Custom boot screen not used because entry has unset use graphics
11:065  0:000  Closing log
