0:100  0:100  MemLog inited, TSC freq: 2707838030
0:100  0:000  CPU was calibrated with RTC
0:100  0:000  
0:100  0:000  Now is 12.9.2018,  14:51:51 (GMT)
0:100  0:000  Starting Clover revision: 4637 on INSYDE Corp. EFI
0:100  0:000  Build with: [Args: -mc --no-usb -D NO_GRUB_DRIVERS_EMBEDDED -t XCODE8 | -D DISABLE_USB_SUPPORT -D NO_GRUB_DRIVERS_EMBEDDED --conf=/Users/wbx/src/edk2/Conf -D USE_BIOS_BLOCKIO -D USE_LOW_EBDA -a X64 -b RELEASE -t XCODE8 -n 13 | OS: 10.14 | XCODE: 10.0]
0:100  0:000  SelfDevicePath=PciRoot(0x0)\Pci(0x1D,0x0)\Pci(0x0,0x0)\NVMe(0x1,37-AA-06-71-B9-38-25-00)\HD(1,GPT,C5DA6787-0ED8-4CD8-BB28-7F57A8D92B50,0x1000,0x95000) @294A8718
0:100  0:000  SelfDirPath = \EFI\CLOVER
0:100  0:000  === [ Get Smbios ] ========================================
0:100  0:000  Type 16 Index = 0
0:100  0:000  Total Memory Slots Count = 2
0:100  0:000  Type 17 Index = 0
0:100  0:000  SmbiosTable.Type17->Speed = 2133MHz
0:100  0:000  SmbiosTable.Type17->Size = 4096MB
0:100  0:000  SmbiosTable.Type17->Bank/Device = BANK 0 ChannelA-DIMM0
0:100  0:000  SmbiosTable.Type17->Vendor = Samsung
0:100  0:000  SmbiosTable.Type17->SerialNumber = 00000000
0:100  0:000  SmbiosTable.Type17->PartNumber = M471A5244CB0-CRC    
0:100  0:000  Type 17 Index = 1
0:100  0:000  SmbiosTable.Type17->Speed = 2133MHz
0:100  0:000  SmbiosTable.Type17->Size = 4096MB
0:100  0:000  SmbiosTable.Type17->Bank/Device = BANK 2 ChannelB-DIMM0
0:100  0:000  SmbiosTable.Type17->Vendor = Samsung
0:100  0:000  SmbiosTable.Type17->SerialNumber = 00000000
0:100  0:000  SmbiosTable.Type17->PartNumber = M471A5244CB0-CRC    
0:100  0:000  Boot status=0
0:100  0:000  Running on: 'INVA' with board 'LNVNB161216'
0:100  0:000  === [ GetCPUProperties ] ==================================
0:100  0:000  CPU Vendor = 756E6547 Model=806E9
0:100  0:000   The CPU supported SSE4.1
0:100  0:000  BrandString = Intel(R) Core(TM) i5-7200U CPU @ 2.50GHz
0:100  0:000   The CPU supported turbo
0:100  0:000  MSR 0x35               20004
0:100  0:000   TSC/CCC Information Leaf:
0:100  0:000    numerator     : 226
0:100  0:000    denominator   : 2
0:100  0:000   Calibrated ARTFrequency: 23963168
0:100  0:000  MSR 0xE2 before patch 1E008007
0:100  0:000  MSR 0xE2 is locked, PM patches will be turned on
0:100  0:000  MSR 0xCE              0004043D_F1011B00
0:100  0:000  corrected FLEX_RATIO = 0
0:100  0:000  MSR 0x1B0             00000000
0:100  0:000  FSBFrequency = 104 MHz, DMI FSBFrequency = 100 MHz, Corrected FSBFrequency = 100 MHz
0:100  0:000  MaxDiv/MinDiv: 27.0/4
0:100  0:000  Turbo: 31/31/31/31
0:100  0:000  Features: 0xBFEBFBFF
0:100  0:000  Threads: 4
0:100  0:000  Cores: 2
0:100  0:000  FSB: 100 MHz
0:100  0:000  CPU: 2800 MHz
0:100  0:000  TSC: 2800 MHz
0:100  0:000  PIS: 100 MHz
0:100  0:000  ExternalClock: 25 MHz
0:100  0:000  === [ GetDevices ] ========================================
0:100  0:000  PCI (00|00:00.00) : 8086 5904 class=060000
0:100  0:000  PCI (00|00:02.00) : 8086 5916 class=030000
0:100  0:000   - GFX: Model=Intel HD Graphics 620 (Intel)
0:100  0:000  PCI (00|00:04.00) : 8086 1903 class=118000
0:100  0:000  PCI (00|00:14.00) : 8086 9D2F class=0C0330
0:100  0:000  PCI (00|00:14.02) : 8086 9D31 class=118000
0:100  0:000  PCI (00|00:15.00) : 8086 9D60 class=118000
0:100  0:000  PCI (00|00:15.01) : 8086 9D61 class=118000
0:100  0:000  PCI (00|00:15.02) : 8086 9D62 class=118000
0:100  0:000  PCI (00|00:16.00) : 8086 9D3A class=078000
0:100  0:000  PCI (00|00:1C.00) : 8086 9D10 class=060400
0:100  0:000  PCI (00|00:1C.02) : 8086 9D12 class=060400
0:100  0:000  PCI (00|00:1C.05) : 8086 9D15 class=060400
0:100  0:000  PCI (00|3F:00.00) : 14E4 43B1 class=028000
0:100  0:000   - WIFI: Vendor=Broadcom
0:100  0:000  PCI (00|00:1D.00) : 8086 9D18 class=060400
0:100  0:000  PCI (00|40:00.00) : 144D A804 class=010802
0:100  0:000  PCI (00|00:1E.00) : 8086 9D27 class=118000
0:100  0:000  PCI (00|00:1F.00) : 8086 9D4E class=060100
0:100  0:000  PCI (00|00:1F.02) : 8086 9D21 class=058000
0:100  0:000  PCI (00|00:1F.03) : 8086 9D71 class=040300
0:100  0:000  PCI (00|00:1F.04) : 8086 9D23 class=0C0500
0:100  0:000  === [ GetDefaultSettings ] ================================
0:100  0:000  Clover load options size = 0 bytes
0:101  0:000  EFI\CLOVER\config.plist loaded: Success
0:101  0:000  === [ GetListOfThemes ] ===================================
0:102  0:000  - [00]: SimpleThemeDark
0:102  0:000  - [01]: Hackintosh_ID
0:103  0:000  - [02]: LightUp
0:103  0:000  === [ Found config plists ] ===============================
0:104  0:000  - config.plist
0:104  0:000  === [ GetEarlyUserSettings ] ==============================
0:104  0:000  timeout set to -1
0:104  0:000  Custom boot CUSTOM_BOOT_DISABLED (0x0)
0:104  0:000  KextsToPatch: 8 requested
0:104  0:000   - [00]: com.apple.driver.AppleIntelFramebufferAzul (Enable 9MB cursor bytes, 0x0a260006) :: BinPatch :: data len: 20
0:104  0:000   - patch disabled at config
0:104  0:000   - [01]: AppleIntelKBLGraphicsFramebuffer (Change VRAM 1536 -> 2048 for 0x59160000) :: BinPatch :: data len: 16
0:104  0:000   - patch disabled at config
0:104  0:000   - [02]: com.apple.driver.usb.AppleUSBXHCI (USB 10.13.6) :: BinPatch :: data len: 8
0:104  0:000   - patch disabled at config
0:104  0:000   - [03]: com.apple.driver.AppleBacklight (change F%uT%04x to F%uTxxxx in AppleBacklightInjector.kext (credit RehabMan)) :: BinPatch :: data len: 9
0:104  0:000   - [04]: com.apple.driver.usb.AppleUSBXHCI (change 15 port limit to 26 in XHCI kext for 10.14 beta2) :: MatchOS: 10.14 :: BinPatch :: data len: 8
0:104  0:000   - [05]: IONVMeFamily (IONVMeFamily Patch

) :: BinPatch :: data len: 9
0:104  0:000   - patch disabled at config
0:104  0:000   - [06]: com.apple.driver.AppleHDA (volume slider sync, by wern) :: BinPatch :: data len: 5
0:104  0:000   - patch disabled at config
0:104  0:000   - [07]: com.apple.iokit.IOThunderboltFamily (Bypass ThunderBolt3 SkipEnumeration credit kid2010) :: BinPatch :: data len: 18
0:104  0:000   - patch disabled at config
0:104  0:000  KernelToPatch: 3 requested
0:104  0:000   - [00]: MSR 0xE2 _xcpm_idle instant reboot(c) Pike R. Alpha :: data len: 8
0:104  0:000   - [01]: Disable panic kext logging on 10.13 Debug kernel :: MatchOS: 10.13 :: data len: 6
0:104  0:000   - [02]: Disable panic kext logging on 10.13 Release kernel :: MatchOS: 10.13 :: data len: 6
0:104  0:000  Default theme: LightUp
0:104  0:000  Hiding entries with string Preboot
0:104  0:000  === [ LoadDrivers ] =======================================
0:104  0:000  Loading ApfsDriverLoader-64.efi  status=Success
0:117  0:012   - driver needs connecting
0:117  0:000  Loading EmuVariableUefi-64.efi  status=Success
0:132  0:015  EmuVariableUefi Initialize: VariableCommonInitialize = Success, orig services stored, install gEmuVariableControlProtocolGuid = Success
0:132  0:000  Loading OsxAptioFixDrv-64.efi  status=Success
0:149  0:016  Loading HFSPlus-64.efi  status=Success
0:159  0:010   - driver needs connecting
0:159  0:000  2 drivers needs connecting ...
0:159  0:000  PlatformDriverOverrideProtocol->GetDriver overriden
0:159  0:000  HFS+ driver loaded
0:159  0:000  APFS driver loaded
0:159  0:000  Searching for invalid DiskIo BY_DRIVER connects: not found, all ok
0:679  0:520  EmuVariable InstallEmulation: orig vars copied, emu.var.services installed, CreateEvent VirtualAddressChange = Success, CreateEvent ExitBootServices = Success, set Status=Success
0:708  0:028  === [ InitScreen ] ========================================
0:708  0:000  SetScreenResolution: 1920x1080 - already set
0:708  0:000  Console modes reported: 7, available modes:
0:708  0:000   - [01]: 80x25
0:708  0:000   - [02]: 80x50
0:708  0:000   - [03]: 80x25
0:708  0:000   - [04]: 240x56 (current mode)
0:708  0:000   - [05]: 100x31
0:708  0:000   - [06]: 128x40
0:708  0:000   - [07]: 160x53
0:708  0:000  SetScreenResolution: 1920x1080 - already set
0:708  0:000  reinit: self device path=PciRoot(0x0)\Pci(0x1D,0x0)\Pci(0x0,0x0)\NVMe(0x1,37-AA-06-71-B9-38-25-00)\HD(1,GPT,C5DA6787-0ED8-4CD8-BB28-7F57A8D92B50,0x1000,0x95000)
0:708  0:000  === [ GetMacAddress ] =====================================
0:708  0:000   get legacy LAN MAC, 0 card found
0:708  0:000  === [ ScanSPD ] ===========================================
0:708  0:000  SMBus device : 8086 9D23 class=0C0500 status=Success
0:708  0:000  SMBus CmdReg: 0x3
0:708  0:000  Scanning SMBus [8086:9D23], mmio: 0xF101C004, ioport: 0x4040, hostc: 0x11
0:708  0:000  Slots to scan [8]...
0:709  0:001  === [ GetAcpiTablesList ] =================================
0:709  0:000  Get Acpi Tables List from RSDT:
0:709  0:000   - [00]: FACP  CB-01    len=268
0:709  0:000   - [01]: UEFI  CB-01    len=566
0:709  0:000   - [02]: UEFI  CB-01    len=66
0:709  0:000   - [03]: MSDM  CB-01    len=85
0:709  0:000   - [04]: SSDT  CB-01    len=1219
0:709  0:000   - [05]: SSDT  CB-01    len=70
0:709  0:000   - [06]: TPM2  CB-01    len=52
0:709  0:000   - [07]: SSDT  CB-01    len=12547
0:709  0:000   - [08]: SSDT  CB-01    len=16269
0:709  0:000   - [09]: ASF!  CB-01    len=165
0:709  0:000   - [10]: ASPT  CB-01    len=52
0:709  0:000   - [11]: BOOT  CB-01    len=40
0:709  0:000   - [12]: DBGP  CB-01    len=52
0:709  0:000   - [13]: HPET  CB-01    len=56
0:709  0:000   - [14]: APIC  CB-01    len=188
0:709  0:000   - [15]: MCFG  CB-01    len=60
0:709  0:000   - [16]: SLIC  CB-01    len=374
0:709  0:000   - [17]: SSDT  CB-01    len=520
0:709  0:000   - [18]: SSDT  CB-01    len=2860
0:709  0:000   - [19]: LPIT  CB-01    len=148
0:709  0:000   - [20]: WSMT  CB-01    len=40
0:709  0:000   - [21]: SSDT  CB-01    len=671
0:709  0:000   - [22]: SSDT  CB-01    len=838
0:709  0:000   - [23]: SSDT  CB-01    len=12290
0:709  0:000   - [24]: SSDT  CB-01    len=1310
0:709  0:000   - [25]: DBGP  CB-01    len=52
0:709  0:000   - [26]: DBG2  CB-01    len=97
0:709  0:000   - [27]: SSDT  CB-01    len=4387
0:709  0:000   - [28]: SSDT  CB-01    len=3806
0:709  0:000   - [29]: DMAR  CB-01    len=312
0:709  0:000   - [30]: FPDT  CB-01    len=68
0:709  0:000   - [31]: BGRT  CB-01    len=56
0:709  0:000  Calibrated TSC Frequency = 2707838030 = 2707MHz
0:709  0:000  === [ GetUserSettings ] ===================================
0:709  0:000  USB FixOwnership: yes
0:709  0:000  Dropping 3 tables:
0:709  0:000   - [00]: Drop table  signature="MATS" (5354414D)
0:709  0:000           - set table: 5354414D,                0 to drop: no
0:709  0:000   - [01]: Drop table  signature="DMAR" (52414D44)
0:709  0:000           - set table: 52414D44,                0 to drop: yes
0:709  0:000   - [02]: Drop table  signature="TPM2" (324D5054)
0:709  0:000           - set table: 324D5054,                0 to drop: yes
0:709  0:000   - final DSDT Fix mask=00000000
0:709  0:000  PatchesDSDT: 23 requested
0:709  0:000   - [00]: (change _OSI to XOSI) lenToFind: 4, lenToReplace: 4, Target Bridge: <null string>
0:709  0:000   - [01]: (change _DSM to XDSM) lenToFind: 4, lenToReplace: 4, Target Bridge: <null string>
0:710  0:000   - [02]: (change EC0 to EC) lenToFind: 4, lenToReplace: 4, Target Bridge: <null string>
0:710  0:000   - [03]: (change H_EC to EC) lenToFind: 4, lenToReplace: 4, Target Bridge: <null string>
0:710  0:000    patch disabled at config
0:710  0:000   - [04]: (change GFX0 to IGPU) lenToFind: 4, lenToReplace: 4, Target Bridge: <null string>
0:710  0:000   - [05]: (change XHCI to XHC) lenToFind: 4, lenToReplace: 4, Target Bridge: <null string>
0:710  0:000   - [06]: (change PCI0.VID to IGPU #1 (Thinkpad)) lenToFind: 8, lenToReplace: 8, Target Bridge: <null string>
0:710  0:000    patch disabled at config
0:710  0:000   - [07]: (change PCI0.VID to IGPU #2 (Thinkpad)) lenToFind: 14, lenToReplace: 14, Target Bridge: <null string>
0:710  0:000    patch disabled at config
0:710  0:000   - [08]: (change B0D3 to HDAU) lenToFind: 4, lenToReplace: 4, Target Bridge: <null string>
0:710  0:000   - [09]: (change HDAS to HDEF) lenToFind: 4, lenToReplace: 4, Target Bridge: <null string>
0:710  0:000   - [10]: (LID0 to LID_) lenToFind: 4, lenToReplace: 4, Target Bridge: <null string>
0:710  0:000    patch disabled at config
0:710  0:000   - [11]: (_PTS to ZPTS(shut)) lenToFind: 5, lenToReplace: 5, Target Bridge: <null string>
0:710  0:000    patch disabled at config
0:710  0:000   - [12]: (_WAK to ZWAK(wake)) lenToFind: 5, lenToReplace: 5, Target Bridge: <null string>
0:710  0:000    patch disabled at config
0:710  0:000   - [13]: (_WAK09 to ZWAK09(wake)) lenToFind: 5, lenToReplace: 5, Target Bridge: <null string>
0:710  0:000    patch disabled at config
0:710  0:000   - [14]: (XHC_PRW to XPRW) lenToFind: 4, lenToReplace: 4, Target Bridge: XHC_
0:710  0:000   - [15]: (XDCI_PRW to XPRW) lenToFind: 4, lenToReplace: 4, Target Bridge: XDCI
0:710  0:000   - [16]: (HDEF_PRW to XPRW) lenToFind: 4, lenToReplace: 4, Target Bridge: HDEF
0:710  0:000   - [17]: (GLAN_PRW to XPRW) lenToFind: 4, lenToReplace: 4, Target Bridge: GLAN
0:710  0:000   - [18]: (I2CA#1 GPI0 _STA to XSTA) lenToFind: 4, lenToReplace: 4, Target Bridge: GPI0
0:710  0:000    patch disabled at config
0:710  0:000   - [19]: (I2CB#3 TPDx SBFG to XBFG) lenToFind: 4, lenToReplace: 4, Target Bridge: TPD1
0:710  0:000    patch disabled at config
0:710  0:000   - [20]: (I2CB#1 TPDx_CRS to XCRS) lenToFind: 4, lenToReplace: 4, Target Bridge: TPD0S
0:710  0:000    patch disabled at config
0:710  0:000   - [21]: (I2CB#2 TPDx SBFB to XBFB) lenToFind: 4, lenToReplace: 4, Target Bridge: TPD1WDL_ptal
0:710  0:000    patch disabled at config
0:710  0:000   - [22]: (change SBFI to SBFG) lenToFind: 8, lenToReplace: 8, Target Bridge: <null string>
0:710  0:000    patch disabled at config
0:710  0:000  PluginType: 1
0:710  0:000  Using ProductName from config: MacBookPro14,2
0:710  0:000  Found same BiosVersion in clover and config
0:710  0:000  BiosVersion: MBP142.88Z.0178.B00.1806260902
0:710  0:000  BiosReleaseDate: 06/26/2018
0:710  0:000  Using FirmwareFeatures from config: 0xFC0FE137
0:710  0:000  Using FirmwareFeaturesMask from config: 0xFF1FFF3F
0:710  0:000  Board-ID set from config as Mac-CAD6701F7CEA0921
0:710  0:000  BoardType: 0xA
0:710  0:000  ChassisType: 0x9
0:710  0:000  === [ Found DSDT tables ] =================================
0:771  0:060  === [ ScanVolumes ] =======================================
0:771  0:000  Found 8 volumes with blockIO
0:771  0:000  - [00]: Volume: PciRoot(0x0)\Pci(0x1D,0x0)\Pci(0x0,0x0)\NVMe(0x1,37-AA-06-71-B9-38-25-00)
0:771  0:000  - [01]: Volume: PciRoot(0x0)\Pci(0x1D,0x0)\Pci(0x0,0x0)\NVMe(0x1,37-AA-06-71-B9-38-25-00)\HD(1,GPT,C5DA6787-0ED8-4CD8-BB28-7F57A8D92B50,0x1000,0x95000)
0:771  0:000          Result of bootcode detection: bootable Windows (vista,win)
0:774  0:002          This is SelfVolume !!
0:774  0:000  - [02]: Volume: PciRoot(0x0)\Pci(0x1D,0x0)\Pci(0x0,0x0)\NVMe(0x1,37-AA-06-71-B9-38-25-00)\HD(2,GPT,6D648B66-BA4E-45C2-9354-BF2CD988F263,0x96000,0xEC5C800)
0:774  0:000          Result of bootcode detection: bootable Windows (vista,win)
0:774  0:000  - [03]: Volume: PciRoot(0x0)\Pci(0x1D,0x0)\Pci(0x0,0x0)\NVMe(0x1,37-AA-06-71-B9-38-25-00)\HD(3,GPT,7A0AFBA4-2115-4E81-B93A-A77CC938030F,0xECF2800,0xF000A88)
0:774  0:000          Result of bootcode detection: bootable unknown (legacy)
0:774  0:000  - [04]: Volume: PciRoot(0x0)\Pci(0x1D,0x0)\Pci(0x0,0x0)\NVMe(0x1,37-AA-06-71-B9-38-25-00)\HD(3,GPT,7A0AFBA4-2115-4E81-B93A-A77CC938030F,0xECF2800,0xF000A88)\VenMedia(BE74FCF7-0B7C-49F3-9147-01F4042E6842,F88F16D2E8832949ACAD29359DB408CE)
0:774  0:000          hiding this volume
0:774  0:000  - [05]: Volume: PciRoot(0x0)\Pci(0x1D,0x0)\Pci(0x0,0x0)\NVMe(0x1,37-AA-06-71-B9-38-25-00)\HD(3,GPT,7A0AFBA4-2115-4E81-B93A-A77CC938030F,0xECF2800,0xF000A88)\VenMedia(BE74FCF7-0B7C-49F3-9147-01F4042E6842,92EAE1A2862B664B8F83F098665A91E5)
0:774  0:000  - [06]: Volume: PciRoot(0x0)\Pci(0x1D,0x0)\Pci(0x0,0x0)\NVMe(0x1,37-AA-06-71-B9-38-25-00)\HD(3,GPT,7A0AFBA4-2115-4E81-B93A-A77CC938030F,0xECF2800,0xF000A88)\VenMedia(BE74FCF7-0B7C-49F3-9147-01F4042E6842,F4F29DD6A6A948428F34EA486E8AC842)
0:774  0:000  - [07]: Volume: PciRoot(0x0)\Pci(0x1D,0x0)\Pci(0x0,0x0)\NVMe(0x1,37-AA-06-71-B9-38-25-00)\HD(3,GPT,7A0AFBA4-2115-4E81-B93A-A77CC938030F,0xECF2800,0xF000A88)\VenMedia(BE74FCF7-0B7C-49F3-9147-01F4042E6842,230070B689014C4284ED596634F363C6)
0:775  0:000  PutNvramPlistToRtVars: nvram.plist not found
0:775  0:000  === [ InitTheme ] =========================================
0:775  0:000  Using theme 'LightUp' (EFI\CLOVER\themes\LightUp)
0:775  0:000  OS main and drive as badge
0:777  0:001  Loading font from ThemeDir: Success
0:777  0:000  Chosen theme LightUp
0:777  0:000  after NVRAM boot-args=
0:777  0:000  === [ Dump SMC keys from NVRAM ] ==========================
0:777  0:000  no AppleSMC protocol
0:777  0:000  === [ AddCustomEntries ] ==================================
0:777  0:000  Custom entry 0 Title:"Recovery" Path:"\com.apple.recovery.boot\boot.efi" Type:10 Flags:0x2 matching all volumes
0:777  0:000      Checking volume "EFI" (PciRoot(0x0)\Pci(0x1D,0x0)\Pci(0x0,0x0)\NVMe(0x1,37-AA-06-71-B9-38-25-00)\HD(1,GPT,C5DA6787-0ED8-4CD8-BB28-7F57A8D92B50,0x1000,0x95000)) ... skipped because path does not exist
0:777  0:000      Checking volume "Preboot" (PciRoot(0x0)\Pci(0x1D,0x0)\Pci(0x0,0x0)\NVMe(0x1,37-AA-06-71-B9-38-25-00)\HD(3,GPT,7A0AFBA4-2115-4E81-B93A-A77CC938030F,0xECF2800,0xF000A88)\VenMedia(BE74FCF7-0B7C-49F3-9147-01F4042E6842,F88F16D2E8832949ACAD29359DB408CE)) ... skipped because volume is hidden
0:777  0:000      Checking volume "Mojave" (PciRoot(0x0)\Pci(0x1D,0x0)\Pci(0x0,0x0)\NVMe(0x1,37-AA-06-71-B9-38-25-00)\HD(3,GPT,7A0AFBA4-2115-4E81-B93A-A77CC938030F,0xECF2800,0xF000A88)\VenMedia(BE74FCF7-0B7C-49F3-9147-01F4042E6842,92EAE1A2862B664B8F83F098665A91E5)) ... skipped because path does not exist
0:777  0:000      Checking volume "Recovery" (PciRoot(0x0)\Pci(0x1D,0x0)\Pci(0x0,0x0)\NVMe(0x1,37-AA-06-71-B9-38-25-00)\HD(3,GPT,7A0AFBA4-2115-4E81-B93A-A77CC938030F,0xECF2800,0xF000A88)\VenMedia(BE74FCF7-0B7C-49F3-9147-01F4042E6842,F4F29DD6A6A948428F34EA486E8AC842)) ... skipped because path does not exist
0:777  0:000      Checking volume "VM" (PciRoot(0x0)\Pci(0x1D,0x0)\Pci(0x0,0x0)\NVMe(0x1,37-AA-06-71-B9-38-25-00)\HD(3,GPT,7A0AFBA4-2115-4E81-B93A-A77CC938030F,0xECF2800,0xF000A88)\VenMedia(BE74FCF7-0B7C-49F3-9147-01F4042E6842,230070B689014C4284ED596634F363C6)) ... skipped because path does not exist
0:777  0:000  Custom entry 1 Title:"Windows" Path:"\EFI\Microsoft\Boot\bootmgfw.efi" Options:"-s -h" Type:7 Flags:0x0 matching all volumes
0:777  0:000      Checking volume "EFI" (PciRoot(0x0)\Pci(0x1D,0x0)\Pci(0x0,0x0)\NVMe(0x1,37-AA-06-71-B9-38-25-00)\HD(1,GPT,C5DA6787-0ED8-4CD8-BB28-7F57A8D92B50,0x1000,0x95000)) ... match!
0:779  0:001  Custom settings: <null string>.plist will  be applied
0:779  0:000      Checking volume "Preboot" (PciRoot(0x0)\Pci(0x1D,0x0)\Pci(0x0,0x0)\NVMe(0x1,37-AA-06-71-B9-38-25-00)\HD(3,GPT,7A0AFBA4-2115-4E81-B93A-A77CC938030F,0xECF2800,0xF000A88)\VenMedia(BE74FCF7-0B7C-49F3-9147-01F4042E6842,F88F16D2E8832949ACAD29359DB408CE)) ... skipped because volume is hidden
0:779  0:000      Checking volume "Mojave" (PciRoot(0x0)\Pci(0x1D,0x0)\Pci(0x0,0x0)\NVMe(0x1,37-AA-06-71-B9-38-25-00)\HD(3,GPT,7A0AFBA4-2115-4E81-B93A-A77CC938030F,0xECF2800,0xF000A88)\VenMedia(BE74FCF7-0B7C-49F3-9147-01F4042E6842,92EAE1A2862B664B8F83F098665A91E5)) ... skipped because path does not exist
0:779  0:000      Checking volume "Recovery" (PciRoot(0x0)\Pci(0x1D,0x0)\Pci(0x0,0x0)\NVMe(0x1,37-AA-06-71-B9-38-25-00)\HD(3,GPT,7A0AFBA4-2115-4E81-B93A-A77CC938030F,0xECF2800,0xF000A88)\VenMedia(BE74FCF7-0B7C-49F3-9147-01F4042E6842,F4F29DD6A6A948428F34EA486E8AC842)) ... skipped because path does not exist
0:779  0:000      Checking volume "VM" (PciRoot(0x0)\Pci(0x1D,0x0)\Pci(0x0,0x0)\NVMe(0x1,37-AA-06-71-B9-38-25-00)\HD(3,GPT,7A0AFBA4-2115-4E81-B93A-A77CC938030F,0xECF2800,0xF000A88)\VenMedia(BE74FCF7-0B7C-49F3-9147-01F4042E6842,230070B689014C4284ED596634F363C6)) ... skipped because path does not exist
0:779  0:000  === [ ScanLoader ] ========================================
0:779  0:000  - [01]: 'EFI'
0:780  0:000          AddLoaderEntry for Volume Name=EFI
0:780  0:000       skipped because path `PciRoot(0x0)\Pci(0x1D,0x0)\Pci(0x0,0x0)\NVMe(0x1,37-AA-06-71-B9-38-25-00)\HD(1,GPT,C5DA6787-0ED8-4CD8-BB28-7F57A8D92B50,0x1000,0x95000)\EFI\microsoft\Boot\bootmgfw.efii` already exists for another entry!
0:787  0:007          AddLoaderEntry for Volume Name=EFI
0:787  0:000          skipped because entry is hidden
0:787  0:000  - [04]: 'Preboot', hidden
0:787  0:000  - [05]: 'Mojave'
0:790  0:002          AddLoaderEntry for Volume Name=Mojave
0:791  0:000      hibernated: set as never
0:798  0:007  - [06]: 'Recovery'
0:799  0:000          AddLoaderEntry for Volume Name=Recovery
0:805  0:006  - [07]: 'VM'
0:811  0:005  === [ AddCustomTool ] =====================================
0:812  0:000  found tool \EFI\CLOVER\tools\Shell64U.efi
0:812  0:000  Checking EFI partition Volume 1 for Clover
0:812  0:000   Found Clover
0:813  0:000  EmuVariable UninstallEmulation: CloseEvent = Success, original var services restored
0:814  0:001  EmuVariable InstallEmulation: orig vars copied, emu.var.services installed, CreateEvent VirtualAddressChange = Success, CreateEvent ExitBootServices = Success, set Status=Success
0:843  0:028  === [ GetEfiBootDeviceFromNvram ] =========================
0:843  0:000   - found entry 1. 'Boot macOS from Mojave', Volume 'Mojave', DevicePath 'PciRoot(0x0)\Pci(0x1D,0x0)\Pci(0x0,0x0)\NVMe(0x1,37-AA-06-71-B9-38-25-00)\HD(3,GPT,7A0AFBA4-2115-4E81-B93A-A77CC938030F,0xECF2800,0xF000A88)\VenMedia(BE74FCF7-0B7C-49F3-9147-01F4042E6842,92EAE1A2862B664B8F83F098665A91E5)\System\Library\CoreServices\boot.efii'
0:843  0:000  EmuVariable UninstallEmulation: CloseEvent = Success, original var services restored
0:843  0:000  DefaultIndex=1 and MainMenu.EntryCount=9
0:910  0:066  GUI ready
