0:100  0:100  MemLog inited, TSC freq: 3601406620
0:100  0:000  CPU was calibrated with RTC
0:100  0:000  
0:100  0:000  Now is 4.6.2019,  8:55:56 (GMT)
0:100  0:000  Starting Clover revision: 4937 on American Megatrends EFI
0:100  0:000  Build with: [Args: -x64 -a X64 -b RELEASE -t XCODE5 | -D USE_LOW_EBDA -D HAVE_LEGACY_EMURUNTIMEDXE -a X64 -b RELEASE -t XCODE5 -n 5 | OS: 10.14.5 | XCODE: 10.2.1]
0:100  0:000  SelfDevicePath=PciRoot(0x0)\Pci(0x1D,0x0)\Pci(0x0,0x0)\NVMe(0x1,00-00-00-00-00-00-00-00)\HD(1,GPT,485A3441-79CD-4EFA-BC49-EB06160D5490,0x1000,0x7F000) @59333498
0:100  0:000  SelfDirPath = \EFI\CLOVER
0:100  0:000  === [ Get Smbios ] ========================================
0:100  0:000  Type 16 Index = 0
0:100  0:000  Total Memory Slots Count = 2
0:100  0:000  Type 17 Index = 0
0:100  0:000  SmbiosTable.Type17->Speed = 3600MHz
0:100  0:000  SmbiosTable.Type17->Size = 8192MB
0:100  0:000  SmbiosTable.Type17->Bank/Device = BANK 0 ChannelA-DIMM0
0:100  0:000  SmbiosTable.Type17->Vendor = 0892
0:100  0:000  SmbiosTable.Type17->SerialNumber = 0000026F
0:100  0:000  SmbiosTable.Type17->PartNumber =                     
0:100  0:000  Type 17 Index = 1
0:100  0:000  SmbiosTable.Type17->Speed = 3600MHz
0:100  0:000  SmbiosTable.Type17->Size = 8192MB
0:100  0:000  SmbiosTable.Type17->Bank/Device = BANK 2 ChannelB-DIMM0
0:100  0:000  SmbiosTable.Type17->Vendor = 0892
0:100  0:000  SmbiosTable.Type17->SerialNumber = 0000026C
0:100  0:000  SmbiosTable.Type17->PartNumber =                     
0:100  0:000  Boot status=0
0:100  0:000  Running on: 'To Be Filled By O.E.M.' with board 'Z390 Phantom Gaming-ITX_ac'
0:100  0:000  === [ GetCPUProperties ] ==================================
0:100  0:000  CPU Vendor = 756E6547 Model=906EC
0:100  0:000   The CPU supported SSE4.1
0:100  0:000  BrandString = Intel(R) Core(TM) i9-9900K CPU @ 3.60GHz
0:100  0:000   The CPU supported turbo
0:100  0:000  MSR 0x35               80010
0:100  0:000   TSC/CCC Information Leaf:
0:100  0:000    numerator     : 300
0:100  0:000    denominator   : 2
0:100  0:000   Calibrated ARTFrequency: 24009377
0:100  0:000  MSR 0xE2 before patch 00000000
0:100  0:000  MSR 0xCE              08080838_F1012400
0:100  0:000  corrected FLEX_RATIO = E0000
0:100  0:000  MSR 0x1B0             00000000
0:100  0:000  FSBFrequency = 100 MHz, DMI FSBFrequency = 100 MHz, Corrected FSBFrequency = 100 MHz
0:100  0:000  MaxDiv/MinDiv: 36.0/8
0:100  0:000  Turbo: 48/49/50/50
0:100  0:000  Features: 0xBFEBFBFF
0:100  0:000  Threads: 16
0:100  0:000  Cores: 8
0:100  0:000  FSB: 100 MHz
0:100  0:000  CPU: 3600 MHz
0:100  0:000  TSC: 3600 MHz
0:100  0:000  PIS: 100 MHz
0:100  0:000  ExternalClock: 25 MHz
0:100  0:000  === [ GetDevices ] ========================================
0:100  0:000  PCI (00|00:00.00) : 8086 3E30 class=060000
0:100  0:000  PCI (00|00:01.00) : 8086 1901 class=060400
0:100  0:000  PCI (00|01:00.00) : 1022 1470 class=060400
0:100  0:000  PCI (00|02:00.00) : 1022 1471 class=060400
0:100  0:000  PCI (00|03:00.00) : 1002 687F class=030000
0:100  0:000   - GFX: Model=AMD Radeon Vega 64 (ATI/AMD)
0:100  0:000  PCI (00|03:00.01) : 1002 AAF8 class=040300
0:100  0:000   - HDMI Audio: 
0:100  0:000  PCI (00|00:12.00) : 8086 A379 class=118000
0:100  0:000  PCI (00|00:14.00) : 8086 A36D class=0C0330
0:100  0:000  PCI (00|00:14.02) : 8086 A36F class=050000
0:100  0:000  PCI (00|00:16.00) : 8086 A360 class=078000
0:100  0:000  PCI (00|00:17.00) : 8086 A352 class=010601
0:100  0:000  PCI (00|00:1B.00) : 8086 A340 class=060400
0:100  0:000  PCI (00|04:00.00) : 144D A804 class=010802
0:100  0:000  PCI (00|00:1B.04) : 8086 A32C class=060400
0:100  0:000  PCI (00|05:00.00) : 8086 15C0 class=060400
0:100  0:000  PCI (00|06:00.00) : 8086 15C0 class=060400
0:100  0:000  PCI (00|06:01.00) : 8086 15C0 class=060400
0:100  0:000  PCI (00|06:02.00) : 8086 15C0 class=060400
0:100  0:000  PCI (00|3D:00.00) : 8086 15C1 class=0C0330
0:100  0:000  PCI (00|00:1C.00) : 8086 A33D class=060400
0:100  0:000  PCI (00|3E:00.00) : 14E4 43B1 class=028000
0:100  0:000   - WIFI: Vendor=Broadcom
0:100  0:000  PCI (00|00:1D.00) : 8086 A330 class=060400
0:100  0:000  PCI (00|3F:00.00) : 144D A802 class=010802
0:100  0:000  PCI (00|00:1F.00) : 8086 A305 class=060100
0:100  0:000  PCI (00|00:1F.03) : 8086 A348 class=040300
0:100  0:000  PCI (00|00:1F.04) : 8086 A323 class=0C0500
0:100  0:000  PCI (00|00:1F.05) : 8086 A324 class=0C8000
0:100  0:000  PCI (00|00:1F.06) : 8086 15BC class=020000
0:100  0:000   - LAN: 0 Vendor=Intel
0:100  0:000  === [ GetDefaultSettings ] ================================
0:100  0:000  Clover load options size = 40 bytes
0:100  0:000  Clover started with option to boot bootmgfw.efi from EFI
0:101  0:000  EFI\CLOVER\config.plist loaded: Success
0:108  0:006  === [ GetListOfThemes ] ===================================
0:108  0:000  - [00]: bluemac
0:108  0:000  - [01]: random
0:109  0:000  - [01]: embedded
0:109  0:000  - [01]: asus
0:109  0:000  - [02]: LightUp
0:110  0:000  - [03]: Mojave
0:110  0:000  - [04]: Beauty
0:110  0:000  - [05]: BeautyX
0:111  0:000  === [ Found config plists ] ===============================
0:111  0:000  - config.plist
0:111  0:000  === [ GetEarlyUserSettings ] ==============================
0:111  0:000  timeout set to -1
0:111  0:000  Custom boot CUSTOM_BOOT_DISABLED (0x0)
0:111  0:000  KextsToPatch: 6 requested
0:111  0:000   - [00]: com.apple.iokit.IOAHCIBlockStorage (Enable TRIM for SSD) :: BinPatch :: data len: 11
0:111  0:000   - patch disabled at config
0:111  0:000   - [01]: com.apple.driver.usb.AppleUSBXHCI (USB 10.13.4+ by PMHeart) :: MatchOS: 10.13.x :: BinPatch :: data len: 10
0:111  0:000   - patch disabled at config
0:111  0:000   - [02]: com.apple.driver.usb.AppleUSBXHCI (USB Port limit patch 10.14.1 Beta by DalianSky) :: MatchOS: 10.14.1 :: BinPatch :: data len: 9
0:111  0:000   - patch disabled at config
0:111  0:000   - [03]: com.apple.driver.usb.AppleUSBXHCI (disable port limit in XHCI kext (credit PMHeart)) :: MatchOS: 10.14.0 :: BinPatch :: data len: 9
0:111  0:000   - patch disabled at config
0:111  0:000   - [04]: com.apple.driver.usb.AppleUSBXHCI (disable port limit in XHCI kext (credit DalianSky,Ricky)) :: BinPatch :: data len: 11
0:111  0:000   - patch disabled at config
0:111  0:000   - [05]: IOUSBHostFamily (NoLabel) :: BinPatch :: data len: 10
0:111  0:000   - patch disabled at config
0:111  0:000  KernelToPatch: 1 requested
0:111  0:000   - [00]: xcpm_core_scope_msrs © Pike R. Alpha :: data len: 12
0:111  0:000  Default theme: Mojave
0:111  0:000  Hiding entries with string Preboot
0:111  0:000  Hiding entries with string Recovery
0:111  0:000  Hiding entries with string test14.0
0:111  0:000  Hiding entries with string test13.6
0:111  0:000  === [ LoadDrivers ] =======================================
0:111  0:000  Loading VBoxHfs-64.efi  status=Success
0:112  0:000   - driver needs connecting
0:112  0:000  Loading EmuVariableUefi-64.efi  status=Success
0:113  0:000  EmuVariableUefi Initialize: VariableCommonInitialize = Success, orig services stored, install gEmuVariableControlProtocolGuid = Success
0:113  0:000  Loading ApfsDriverLoader-64.efi  status=Success
0:114  0:000   - driver needs connecting
0:114  0:000  Loading AptioMemoryFix-64.efi  status=Success
0:115  0:000  2 drivers needs connecting ...
0:115  0:000  PlatformDriverOverrideProtocol not found. Installing ... Success
0:115  0:000  APFS driver loaded
0:115  0:000  Searching for invalid DiskIo BY_DRIVER connects: not found, all ok
2:180  2:065  EmuVariable InstallEmulation: orig vars copied, emu.var.services installed, CreateEvent VirtualAddressChange = Success, CreateEvent ExitBootServices = Success, set Status=Success
2:203  0:022  === [ InitScreen ] ========================================
2:203  0:000  Console modes reported: 4, available modes:
2:203  0:000   - [01]: 80x25 (current mode)
2:203  0:000   - [02]: 128x40
2:203  0:000   - [03]: 100x31
2:203  0:000   - [04]: 480x113
2:203  0:000  SetScreenResolution: 3840x2160 - already set
2:203  0:000  reinit: self device path=PciRoot(0x0)\Pci(0x1D,0x0)\Pci(0x0,0x0)\NVMe(0x1,00-00-00-00-00-00-00-00)\HD(1,GPT,485A3441-79CD-4EFA-BC49-EB06160D5490,0x1000,0x7F000)
2:203  0:000  === [ GetMacAddress ] =====================================
2:203  0:000   get legacy LAN MAC, 1 card found
2:203  0:000  Legacy MAC address of LAN #0= 70:85:C2:A2:98:35:
2:203  0:000  === [ ScanSPD ] ===========================================
2:203  0:000  Scanning SMBus [8086:A323], mmio: 0xCA938004, ioport: 0xEFA0, hostc: 0x1
2:213  0:010  Slot: 0 Type 26 8192MB 3603MHz Vendor=NoName PartNo= SerialNo=000000000002060F
2:223  0:009  Slot: 2 Type 26 8192MB 3603MHz Vendor=NoName PartNo= SerialNo=000000000002060C
2:224  0:000  === [ GetAcpiTablesList ] =================================
2:224  0:000  Get Acpi Tables List from RSDT:
2:224  0:000   - [00]: FACP  A M I  len=132
2:224  0:000   - [01]: APIC  A M I  len=300
2:224  0:000   - [02]: FPDT  A M I  len=68
2:224  0:000   - [03]: FIDT  A M I len=156
2:224  0:000   - [04]: MCFG  A M I  len=60
2:224  0:000   - [05]: SSDT  SataTabl len=888
2:224  0:000   - [06]: SSDT  CpuSsdt len=6940
2:224  0:000   - [07]: AAFT  OEMAAFT  len=552
2:224  0:000   - [08]: SSDT  SaSsdt  len=12742
2:224  0:000   - [09]: SSDT  PegSsdt len=8987
2:224  0:000   - [10]: HPET  A M I  len=56
2:224  0:000   - [11]: SSDT  xh_cfsd4 len=10576
2:224  0:000   - [12]: UEFI  A M I  len=66
2:224  0:000   - [13]: LPIT  A M I  len=92
2:224  0:000   - [14]: SSDT  TbtTypeC len=5346
2:224  0:000   - [15]: DBGP  A M I  len=52
2:224  0:000   - [16]: DBG2  A M I  len=84
2:224  0:000   - [17]: SSDT  UsbCTabl len=7015
2:224  0:000   - [18]: SSDT  ADebTabl len=324
2:224  0:000   - [19]: DMAR  EDK2     len=112
2:224  0:000   - [20]: VFCT  A M I  len=60548
2:224  0:000   - [21]: BGRT  A M I  len=56
2:224  0:000   - [22]: WSMT  A M I  len=40
2:224  0:000  Calibrated TSC Frequency = 3601406620 = 3601MHz
2:224  0:000  === [ GetUserSettings ] ===================================
2:224  0:000  Add 1 devices:
2:224  0:000  Add 9 devices:
2:224  0:000   - [00]: [07:00.00]  (NVME)
2:224  0:000   - [01]: [04:00.00]  (NVME)
2:224  0:000   - [02]: [00:1F.06]  (Network)
2:224  0:000   - [03]: [06:00.00]  (WIFI)
2:224  0:000   - [04]: [00:17.00]  (SATA)
2:224  0:000   - [05]: [00:1F.04]  (SMBus)
2:224  0:000   - [06]: [00:14.00]  (USB)
2:224  0:000   - [07]: [03:00.01]  (HDMI Audio)
2:224  0:000   - [08]: [00:1F.03]  (Audio)
2:224  0:000  USB FixOwnership: yes
2:224  0:000  Dropping 1 tables:
2:224  0:000   - [00]: Drop table  signature="DMAR" (52414D44)
2:224  0:000           - set table: 52414D44,                0 to drop: yes
2:224  0:000   - final DSDT Fix mask=00000000
2:224  0:000  PatchesDSDT: 3 requested
2:224  0:000   - [00]: (Intel GPU PM- Rename GFX0 to IGPU) lenToFind: 4, lenToReplace: 4, Target Bridge: <null string>
2:224  0:000   - [01]: (AMD/Nvidia GPU PM- Rename PEGP to GFX0) lenToFind: 4, lenToReplace: 4, Target Bridge: <null string>
2:224  0:000   - [02]: (Fix AsRock Z390 BIOS DSDT Device(RTC) bug) lenToFind: 8, lenToReplace: 8, Target Bridge: <null string>
2:224  0:000  Using ProductName from config: iMacPro1,1
2:224  0:000  Using latest BiosVersion from clover
2:224  0:000  BiosVersion: IMP11.88Z.F000.B00.1904222000
2:224  0:000  BiosReleaseDate: 04/22/2019
2:224  0:000  Using latest EfiVersion from clover: 220.260.170.0.0
2:224  0:000  Using FirmwareFeatures from config: 0xFD8FF53F
2:224  0:000  Using FirmwareFeaturesMask from config: 0xFF9FFF3F
2:224  0:000  Board-ID set from config as Mac-7BA5B2D9E42DDD94
2:224  0:000  BoardType: 0xA
2:224  0:000  ChassisType: 0x9
2:224  0:000  Converted CustomUUID 5BB3F1BE-2819-9429-0916-B06EBFBA7752
2:225  0:000  === [ Found DSDT tables ] =================================
2:258  0:032  === [ ScanVolumes ] =======================================
2:258  0:000  Found 36 volumes with blockIO
2:258  0:000  - [00]: Volume: PciRoot(0x0)\Pci(0x17,0x0)\Sata(0x2,0xFFFF,0x0)
2:258  0:000  - [01]: Volume: PciRoot(0x0)\Pci(0x17,0x0)\Sata(0x2,0xFFFF,0x0)\HD(1,GPT,9F82B799-7CA2-41C5-BC42-4D393B8020F7,0x1000,0x7D000)
2:259  0:000          Result of bootcode detection: bootable Windows (win)
2:264  0:005  - [02]: Volume: PciRoot(0x0)\Pci(0x17,0x0)\Sata(0x2,0xFFFF,0x0)\HD(2,GPT,80550ABF-7667-442C-A51C-2C3C29556B27,0x7E820,0x2DB80808)
2:265  0:000          Result of bootcode detection: bootable Windows (vista,win)
2:265  0:000  - [03]: Volume: PciRoot(0x0)\Pci(0x17,0x0)\Sata(0x2,0xFFFF,0x0)\HD(3,GPT,78B4B49A-CC89-494D-8C59-82A064D470C5,0x2DBFF028,0xE7FFFD8)
2:265  0:000          Result of bootcode detection: bootable Windows (vista,win)
2:265  0:000  - [04]: Volume: PciRoot(0x0)\Pci(0x17,0x0)\Sata(0x2,0xFFFF,0x0)\HD(4,GPT,619C59E7-F362-447B-8E55-3754698B1FE8,0x3C3FF000,0x1F3C0000)
2:266  0:000  - [05]: Volume: PciRoot(0x0)\Pci(0x17,0x0)\Sata(0x2,0xFFFF,0x0)\HD(5,GPT,1C778117-65DE-497C-BAFD-6A974EC5850E,0x5B7FF000,0xC803000)
2:266  0:000          Result of bootcode detection: bootable unknown (legacy)
2:267  0:000  - [06]: Volume: PciRoot(0x0)\Pci(0x17,0x0)\Sata(0x2,0xFFFF,0x0)\HD(6,GPT,74E27ED5-6EE5-4AFF-872D-3005E2BCC541,0x68002000,0x6400000)
2:267  0:000          Result of bootcode detection: bootable unknown (legacy)
2:267  0:000  - [07]: Volume: PciRoot(0x0)\Pci(0x17,0x0)\Sata(0x2,0xFFFF,0x0)\HD(7,GPT,B44D8D47-8007-41F5-831D-EFF338B19271,0x6E402000,0x6304D88)
2:268  0:000          Result of bootcode detection: bootable unknown (legacy)
2:268  0:000  - [08]: Volume: PciRoot(0x0)\Pci(0x1B,0x0)\Pci(0x0,0x0)\NVMe(0x1,36-54-00-71-C1-38-25-00)
2:268  0:000          Result of bootcode detection: bootable unknown (legacy)
2:268  0:000  - [09]: Volume: PciRoot(0x0)\Pci(0x1B,0x0)\Pci(0x0,0x0)\NVMe(0x1,36-54-00-71-C1-38-25-00)\HD(1,GPT,4C76B933-9D30-4175-B962-94A524B6A6D2,0x1000,0x80000)
2:268  0:000          Result of bootcode detection: bootable Windows (win)
2:270  0:002  - [10]: Volume: PciRoot(0x0)\Pci(0x1B,0x0)\Pci(0x0,0x0)\NVMe(0x1,36-54-00-71-C1-38-25-00)\HD(2,GPT,FF9923B1-CC99-4C5B-B9B0-AFAFC18B5A40,0x81000,0x1DC72288)
2:271  0:000          Result of bootcode detection: bootable unknown (legacy)
2:271  0:000  - [11]: Volume: PciRoot(0x0)\Pci(0x1D,0x0)\Pci(0x0,0x0)\NVMe(0x1,00-00-00-00-00-00-00-00)
2:271  0:000  - [12]: Volume: PciRoot(0x0)\Pci(0x1D,0x0)\Pci(0x0,0x0)\NVMe(0x1,00-00-00-00-00-00-00-00)\HD(1,GPT,485A3441-79CD-4EFA-BC49-EB06160D5490,0x1000,0x7F000)
2:271  0:000          Result of bootcode detection: bootable Windows (vista,win)
2:274  0:003          This is SelfVolume !!
2:274  0:000  - [13]: Volume: PciRoot(0x0)\Pci(0x1D,0x0)\Pci(0x0,0x0)\NVMe(0x1,00-00-00-00-00-00-00-00)\HD(2,GPT,888B7935-64E5-4B66-96F8-64C7673AF8DE,0x80000,0x40000)
2:274  0:000          Result of bootcode detection: bootable unknown (legacy)
2:275  0:000  - [14]: Volume: PciRoot(0x0)\Pci(0x1D,0x0)\Pci(0x0,0x0)\NVMe(0x1,00-00-00-00-00-00-00-00)\HD(3,GPT,E952531A-77CA-4425-ABDD-523183A1AD7A,0xC0000,0xFBDCDE1)
2:275  0:000          Result of bootcode detection: bootable Windows (vista,win)
2:275  0:000  - [15]: Volume: PciRoot(0x0)\Pci(0x1D,0x0)\Pci(0x0,0x0)\NVMe(0x1,00-00-00-00-00-00-00-00)\HD(4,GPT,5088D638-C28D-4B4D-BE41-8A85963C8815,0xFC9D000,0x10D800)
2:275  0:000          Result of bootcode detection: bootable Windows (vista,win)
2:275  0:000  - [16]: Volume: PciRoot(0x0)\Pci(0x1D,0x0)\Pci(0x0,0x0)\NVMe(0x1,00-00-00-00-00-00-00-00)\HD(5,GPT,84B10CCA-E9E6-4A3C-B498-79977F3C2D29,0xFDAA9E8,0xCB16618)
2:275  0:000          Result of bootcode detection: bootable Windows (vista,win)
2:275  0:000  - [17]: Volume: PciRoot(0x0)\Pci(0x1D,0x0)\Pci(0x0,0x0)\NVMe(0x1,00-00-00-00-00-00-00-00)\HD(6,GPT,D49AB62E-73F9-4068-A0F4-A78B58F53263,0x1C8C1000,0x10000000)
2:275  0:000          Result of bootcode detection: bootable Windows (vista,win)
2:275  0:000  - [18]: Volume: PciRoot(0x0)\Pci(0x1D,0x0)\Pci(0x0,0x0)\NVMe(0x1,00-00-00-00-00-00-00-00)\HD(7,GPT,F473F7E1-BBBC-4599-8562-67FD400A5B6D,0x2C8C1000,0x7A000)
2:275  0:000          Result of bootcode detection: bootable unknown (legacy)
2:275  0:000  - [19]: Volume: PciRoot(0x0)\Pci(0x1D,0x0)\Pci(0x0,0x0)\NVMe(0x1,00-00-00-00-00-00-00-00)\HD(8,GPT,AB842EB8-6BD8-48A8-91BB-A29A77D4B696,0x2C93B000,0x32D588)
2:275  0:000  - [20]: Volume: PciRoot(0x0)\Pci(0x1D,0x0)\Pci(0x0,0x0)\NVMe(0x1,00-00-00-00-00-00-00-00)\HD(9,GPT,2222F771-988F-4D3E-9582-41AF86A7ABC7,0x2CC68588,0x9751A78)
2:275  0:000  - [21]: Volume: PciRoot(0x0)\Pci(0x1D,0x0)\Pci(0x0,0x0)\NVMe(0x1,00-00-00-00-00-00-00-00)\HD(10,GPT,2513BF93-98D0-4F8E-846F-D952D5DAFFF8,0x363BA000,0x4C4B800)
2:276  0:000  - [22]: Volume: PciRoot(0x0)\Pci(0x1D,0x0)\Pci(0x0,0x0)\NVMe(0x1,00-00-00-00-00-00-00-00)\HD(11,GPT,70FB4622-3E4D-4FBB-A103-33291EF1BEC2,0x3B005800,0x9DB800)
2:276  0:000  - [23]: Volume: PciRoot(0x0)\Pci(0x17,0x0)\Sata(0x2,0xFFFF,0x0)\HD(6,GPT,74E27ED5-6EE5-4AFF-872D-3005E2BCC541,0x68002000,0x6400000)\VenMedia(BE74FCF7-0B7C-49F3-9147-01F4042E6842,3651E61A39A36449B62F2A7BFBB370FC)
2:276  0:000          hiding this volume
2:276  0:000  - [24]: Volume: PciRoot(0x0)\Pci(0x17,0x0)\Sata(0x2,0xFFFF,0x0)\HD(6,GPT,74E27ED5-6EE5-4AFF-872D-3005E2BCC541,0x68002000,0x6400000)\VenMedia(BE74FCF7-0B7C-49F3-9147-01F4042E6842,419FEFC86562D34983184FD2F8ED28D8)
2:276  0:000          hiding this volume
2:276  0:000  - [25]: Volume: PciRoot(0x0)\Pci(0x17,0x0)\Sata(0x2,0xFFFF,0x0)\HD(6,GPT,74E27ED5-6EE5-4AFF-872D-3005E2BCC541,0x68002000,0x6400000)\VenMedia(BE74FCF7-0B7C-49F3-9147-01F4042E6842,FFABFD1818782D4D9BD28201F85C2C2D)
2:276  0:000          hiding this volume
2:276  0:000  - [26]: Volume: PciRoot(0x0)\Pci(0x17,0x0)\Sata(0x2,0xFFFF,0x0)\HD(6,GPT,74E27ED5-6EE5-4AFF-872D-3005E2BCC541,0x68002000,0x6400000)\VenMedia(BE74FCF7-0B7C-49F3-9147-01F4042E6842,41B437DB7F45854C818048CB574E4B77)
2:276  0:000  - [27]: Volume: PciRoot(0x0)\Pci(0x17,0x0)\Sata(0x2,0xFFFF,0x0)\HD(7,GPT,B44D8D47-8007-41F5-831D-EFF338B19271,0x6E402000,0x6304D88)\VenMedia(BE74FCF7-0B7C-49F3-9147-01F4042E6842,9CBB97D6513E034EA081099AAF05F380)
2:276  0:000          hiding this volume
2:276  0:000  - [28]: Volume: PciRoot(0x0)\Pci(0x17,0x0)\Sata(0x2,0xFFFF,0x0)\HD(7,GPT,B44D8D47-8007-41F5-831D-EFF338B19271,0x6E402000,0x6304D88)\VenMedia(BE74FCF7-0B7C-49F3-9147-01F4042E6842,4955AD19108DEA41A01CA4500977A5AD)
2:276  0:000          hiding this volume
2:276  0:000  - [29]: Volume: PciRoot(0x0)\Pci(0x17,0x0)\Sata(0x2,0xFFFF,0x0)\HD(7,GPT,B44D8D47-8007-41F5-831D-EFF338B19271,0x6E402000,0x6304D88)\VenMedia(BE74FCF7-0B7C-49F3-9147-01F4042E6842,9571F01EBA3A244A9821CFFC8C4E091B)
2:276  0:000          hiding this volume
2:276  0:000  - [30]: Volume: PciRoot(0x0)\Pci(0x17,0x0)\Sata(0x2,0xFFFF,0x0)\HD(7,GPT,B44D8D47-8007-41F5-831D-EFF338B19271,0x6E402000,0x6304D88)\VenMedia(BE74FCF7-0B7C-49F3-9147-01F4042E6842,1D26BCF59246024CAF3963979988FC1A)
2:276  0:000  - [31]: Volume: PciRoot(0x0)\Pci(0x1B,0x0)\Pci(0x0,0x0)\NVMe(0x1,36-54-00-71-C1-38-25-00)\HD(2,GPT,FF9923B1-CC99-4C5B-B9B0-AFAFC18B5A40,0x81000,0x1DC72288)\VenMedia(BE74FCF7-0B7C-49F3-9147-01F4042E6842,A362A68AD0DBEE4E8ABBFD28B002A682)
2:276  0:000          hiding this volume
2:276  0:000  - [32]: Volume: PciRoot(0x0)\Pci(0x1B,0x0)\Pci(0x0,0x0)\NVMe(0x1,36-54-00-71-C1-38-25-00)\HD(2,GPT,FF9923B1-CC99-4C5B-B9B0-AFAFC18B5A40,0x81000,0x1DC72288)\VenMedia(BE74FCF7-0B7C-49F3-9147-01F4042E6842,5D5D2F20929071468FFD90AB6D31AE7E)
2:276  0:000  - [33]: Volume: PciRoot(0x0)\Pci(0x1B,0x0)\Pci(0x0,0x0)\NVMe(0x1,36-54-00-71-C1-38-25-00)\HD(2,GPT,FF9923B1-CC99-4C5B-B9B0-AFAFC18B5A40,0x81000,0x1DC72288)\VenMedia(BE74FCF7-0B7C-49F3-9147-01F4042E6842,6270962953B02248A1290BE7B97A0625)
2:276  0:000          hiding this volume
2:276  0:000  - [34]: Volume: PciRoot(0x0)\Pci(0x1B,0x0)\Pci(0x0,0x0)\NVMe(0x1,36-54-00-71-C1-38-25-00)\HD(2,GPT,FF9923B1-CC99-4C5B-B9B0-AFAFC18B5A40,0x81000,0x1DC72288)\VenMedia(BE74FCF7-0B7C-49F3-9147-01F4042E6842,54B0EFA407971E4896054F7DD18A809E)
2:276  0:000  - [35]: Volume: PciRoot(0x0)\Pci(0x1B,0x0)\Pci(0x0,0x0)\NVMe(0x1,36-54-00-71-C1-38-25-00)\HD(2,GPT,FF9923B1-CC99-4C5B-B9B0-AFAFC18B5A40,0x81000,0x1DC72288)\VenMedia(BE74FCF7-0B7C-49F3-9147-01F4042E6842,C79718CD198B244FB71FC4B170A528BE)
2:359  0:083  PutNvramPlistToRtVars: nvram.plist not found
2:359  0:000  No AudioIoProtocols, status=Not Found
2:359  0:000  === [ InitTheme ] =========================================
2:359  0:000  use night theme
2:361  0:001  Using theme 'Mojave' (EFI\CLOVER\themes\Mojave)
2:361  0:000  OS main and drive as badge
2:361  0:000  Warning! Character width 11 should be even!
2:361  0:000  file sound read: sound_night.wav Not Found
2:361  0:000  file sound read: sound.wav Not Found
2:361  0:000  Loading font from ThemeDir: Success
2:362  0:000  theme inited
2:362  0:000  Chosen theme Mojave
2:362  0:000  after NVRAM boot-args=darkwake=0 alcid=11 slide=0
2:362  0:000  === [ Dump SMC keys from NVRAM ] ==========================
2:362  0:000  no AppleSMC protocol
2:362  0:000  === [ ScanLoader ] ========================================
2:362  0:000  - [01]: 'EFI'
2:407  0:045  - [02]: 'file'
2:424  0:017  - [03]: 'game'
2:441  0:017  - [04]: 'backup'
2:459  0:017  - [09]: 'EFI'
2:478  0:018          AddLoaderEntry for Volume Name=EFI
2:478  0:000          skipped because entry is hidden
2:478  0:000  - [12]: 'EFI'
2:478  0:000          AddLoaderEntry for Volume Name=EFI
2:484  0:006          AddLoaderEntry for Volume Name=EFI
2:498  0:013          AddLoaderEntry for Volume Name=EFI
2:498  0:000          skipped because entry is hidden
2:498  0:000  - [14]: 'win10'
2:515  0:016  - [15]: ''
2:532  0:016  - [16]: 'homeApp'
2:548  0:016  - [17]: 'proApp'
2:565  0:016  - [18]: 'EFI'
2:584  0:018  - [23]: 'Preboot', hidden
2:584  0:000  - [24]: 'test13.6', hidden
2:584  0:000  - [25]: 'Recovery', hidden
2:584  0:000  - [26]: 'VM'
2:601  0:016  - [27]: 'Preboot', hidden
2:601  0:000  - [28]: 'test14.0', hidden
2:601  0:000  - [29]: 'Recovery', hidden
2:601  0:000  - [30]: 'VM'
2:618  0:016  - [31]: 'Preboot', hidden
2:618  0:000  - [32]: 'Mojave - Data'
2:761  0:142  - [33]: 'Recovery', hidden
2:761  0:000  - [34]: 'VM'
2:777  0:016  - [35]: 'Mojave'
2:780  0:003          AddLoaderEntry for Volume Name=Mojave
2:781  0:001      hibernated: set as never
2:799  0:017  === [ AddCustomTool ] =====================================
2:800  0:000  found tool \EFI\CLOVER\tools\Shell64U.efi
2:800  0:000  Checking EFI partition Volume 1 for Clover
2:802  0:001  Checking EFI partition Volume 9 for Clover
2:802  0:000  Checking EFI partition Volume 12 for Clover
2:802  0:000   Found Clover
2:802  0:000  EmuVariable UninstallEmulation: CloseEvent = Success, original var services restored
2:803  0:000  EmuVariable InstallEmulation: orig vars copied, emu.var.services installed, CreateEvent VirtualAddressChange = Success, CreateEvent ExitBootServices = Success, set Status=Success
2:826  0:022  === [ GetEfiBootDeviceFromNvram ] =========================
2:826  0:000   - found entry 2. 'Boot macOS from Mojave', Volume 'Mojave', DevicePath 'PciRoot(0x0)\Pci(0x1B,0x0)\Pci(0x0,0x0)\NVMe(0x1,36-54-00-71-C1-38-25-00)\HD(2,GPT,FF9923B1-CC99-4C5B-B9B0-AFAFC18B5A40,0x81000,0x1DC72288)\VenMedia(BE74FCF7-0B7C-49F3-9147-01F4042E6842,C79718CD198B244FB71FC4B170A528BE)\System\Library\CoreServices\boot.efii'
2:826  0:000  EmuVariable UninstallEmulation: CloseEvent = Success, original var services restored
2:826  0:000  DefaultIndex=2 and MainMenu.EntryCount=9
3:508  0:682  GUI ready
12:238  8:729  ReinitSelfLib after theme change
12:238  0:000  reinit: self device path=PciRoot(0x0)\Pci(0x1D,0x0)\Pci(0x0,0x0)\NVMe(0x1,00-00-00-00-00-00-00-00)\HD(1,GPT,485A3441-79CD-4EFA-BC49-EB06160D5490,0x1000,0x7F000)
12:238  0:000  === [ ScanVolumes ] =======================================
12:238  0:000  Found 36 volumes with blockIO
12:238  0:000  - [00]: Volume: PciRoot(0x0)\Pci(0x17,0x0)\Sata(0x2,0xFFFF,0x0)
12:238  0:000  - [01]: Volume: PciRoot(0x0)\Pci(0x17,0x0)\Sata(0x2,0xFFFF,0x0)\HD(1,GPT,9F82B799-7CA2-41C5-BC42-4D393B8020F7,0x1000,0x7D000)
12:239  0:000          Result of bootcode detection: bootable Windows (win)
12:239  0:000  - [02]: Volume: PciRoot(0x0)\Pci(0x17,0x0)\Sata(0x2,0xFFFF,0x0)\HD(2,GPT,80550ABF-7667-442C-A51C-2C3C29556B27,0x7E820,0x2DB80808)
12:240  0:000          Result of bootcode detection: bootable Windows (vista,win)
12:240  0:000  - [03]: Volume: PciRoot(0x0)\Pci(0x17,0x0)\Sata(0x2,0xFFFF,0x0)\HD(3,GPT,78B4B49A-CC89-494D-8C59-82A064D470C5,0x2DBFF028,0xE7FFFD8)
12:241  0:000          Result of bootcode detection: bootable Windows (vista,win)
12:241  0:000  - [04]: Volume: PciRoot(0x0)\Pci(0x17,0x0)\Sata(0x2,0xFFFF,0x0)\HD(4,GPT,619C59E7-F362-447B-8E55-3754698B1FE8,0x3C3FF000,0x1F3C0000)
12:241  0:000  - [05]: Volume: PciRoot(0x0)\Pci(0x17,0x0)\Sata(0x2,0xFFFF,0x0)\HD(5,GPT,1C778117-65DE-497C-BAFD-6A974EC5850E,0x5B7FF000,0xC803000)
12:242  0:000          Result of bootcode detection: bootable unknown (legacy)
12:242  0:000  - [06]: Volume: PciRoot(0x0)\Pci(0x17,0x0)\Sata(0x2,0xFFFF,0x0)\HD(6,GPT,74E27ED5-6EE5-4AFF-872D-3005E2BCC541,0x68002000,0x6400000)
12:242  0:000          Result of bootcode detection: bootable unknown (legacy)
12:242  0:000  - [07]: Volume: PciRoot(0x0)\Pci(0x17,0x0)\Sata(0x2,0xFFFF,0x0)\HD(7,GPT,B44D8D47-8007-41F5-831D-EFF338B19271,0x6E402000,0x6304D88)
12:243  0:000          Result of bootcode detection: bootable unknown (legacy)
12:243  0:000  - [08]: Volume: PciRoot(0x0)\Pci(0x1B,0x0)\Pci(0x0,0x0)\NVMe(0x1,36-54-00-71-C1-38-25-00)
12:243  0:000          Result of bootcode detection: bootable unknown (legacy)
12:243  0:000  - [09]: Volume: PciRoot(0x0)\Pci(0x1B,0x0)\Pci(0x0,0x0)\NVMe(0x1,36-54-00-71-C1-38-25-00)\HD(1,GPT,4C76B933-9D30-4175-B962-94A524B6A6D2,0x1000,0x80000)
12:243  0:000          Result of bootcode detection: bootable Windows (win)
12:243  0:000  - [10]: Volume: PciRoot(0x0)\Pci(0x1B,0x0)\Pci(0x0,0x0)\NVMe(0x1,36-54-00-71-C1-38-25-00)\HD(2,GPT,FF9923B1-CC99-4C5B-B9B0-AFAFC18B5A40,0x81000,0x1DC72288)
12:243  0:000          Result of bootcode detection: bootable unknown (legacy)
12:243  0:000  - [11]: Volume: PciRoot(0x0)\Pci(0x1D,0x0)\Pci(0x0,0x0)\NVMe(0x1,00-00-00-00-00-00-00-00)
12:244  0:000  - [12]: Volume: PciRoot(0x0)\Pci(0x1D,0x0)\Pci(0x0,0x0)\NVMe(0x1,00-00-00-00-00-00-00-00)\HD(1,GPT,485A3441-79CD-4EFA-BC49-EB06160D5490,0x1000,0x7F000)
12:244  0:000          Result of bootcode detection: bootable Windows (vista,win)
12:244  0:000          This is SelfVolume !!
12:244  0:000  - [13]: Volume: PciRoot(0x0)\Pci(0x1D,0x0)\Pci(0x0,0x0)\NVMe(0x1,00-00-00-00-00-00-00-00)\HD(2,GPT,888B7935-64E5-4B66-96F8-64C7673AF8DE,0x80000,0x40000)
12:244  0:000          Result of bootcode detection: bootable unknown (legacy)
12:244  0:000  - [14]: Volume: PciRoot(0x0)\Pci(0x1D,0x0)\Pci(0x0,0x0)\NVMe(0x1,00-00-00-00-00-00-00-00)\HD(3,GPT,E952531A-77CA-4425-ABDD-523183A1AD7A,0xC0000,0xFBDCDE1)
12:244  0:000          Result of bootcode detection: bootable Windows (vista,win)
12:244  0:000  - [15]: Volume: PciRoot(0x0)\Pci(0x1D,0x0)\Pci(0x0,0x0)\NVMe(0x1,00-00-00-00-00-00-00-00)\HD(4,GPT,5088D638-C28D-4B4D-BE41-8A85963C8815,0xFC9D000,0x10D800)
12:244  0:000          Result of bootcode detection: bootable Windows (vista,win)
12:244  0:000  - [16]: Volume: PciRoot(0x0)\Pci(0x1D,0x0)\Pci(0x0,0x0)\NVMe(0x1,00-00-00-00-00-00-00-00)\HD(5,GPT,84B10CCA-E9E6-4A3C-B498-79977F3C2D29,0xFDAA9E8,0xCB16618)
12:244  0:000          Result of bootcode detection: bootable Windows (vista,win)
12:244  0:000  - [17]: Volume: PciRoot(0x0)\Pci(0x1D,0x0)\Pci(0x0,0x0)\NVMe(0x1,00-00-00-00-00-00-00-00)\HD(6,GPT,D49AB62E-73F9-4068-A0F4-A78B58F53263,0x1C8C1000,0x10000000)
12:244  0:000          Result of bootcode detection: bootable Windows (vista,win)
12:244  0:000  - [18]: Volume: PciRoot(0x0)\Pci(0x1D,0x0)\Pci(0x0,0x0)\NVMe(0x1,00-00-00-00-00-00-00-00)\HD(7,GPT,F473F7E1-BBBC-4599-8562-67FD400A5B6D,0x2C8C1000,0x7A000)
12:245  0:000          Result of bootcode detection: bootable unknown (legacy)
12:245  0:000  - [19]: Volume: PciRoot(0x0)\Pci(0x1D,0x0)\Pci(0x0,0x0)\NVMe(0x1,00-00-00-00-00-00-00-00)\HD(8,GPT,AB842EB8-6BD8-48A8-91BB-A29A77D4B696,0x2C93B000,0x32D588)
12:245  0:000  - [20]: Volume: PciRoot(0x0)\Pci(0x1D,0x0)\Pci(0x0,0x0)\NVMe(0x1,00-00-00-00-00-00-00-00)\HD(9,GPT,2222F771-988F-4D3E-9582-41AF86A7ABC7,0x2CC68588,0x9751A78)
12:245  0:000  - [21]: Volume: PciRoot(0x0)\Pci(0x1D,0x0)\Pci(0x0,0x0)\NVMe(0x1,00-00-00-00-00-00-00-00)\HD(10,GPT,2513BF93-98D0-4F8E-846F-D952D5DAFFF8,0x363BA000,0x4C4B800)
12:245  0:000  - [22]: Volume: PciRoot(0x0)\Pci(0x1D,0x0)\Pci(0x0,0x0)\NVMe(0x1,00-00-00-00-00-00-00-00)\HD(11,GPT,70FB4622-3E4D-4FBB-A103-33291EF1BEC2,0x3B005800,0x9DB800)
12:245  0:000  - [23]: Volume: PciRoot(0x0)\Pci(0x17,0x0)\Sata(0x2,0xFFFF,0x0)\HD(6,GPT,74E27ED5-6EE5-4AFF-872D-3005E2BCC541,0x68002000,0x6400000)\VenMedia(BE74FCF7-0B7C-49F3-9147-01F4042E6842,3651E61A39A36449B62F2A7BFBB370FC)
12:245  0:000  - [24]: Volume: PciRoot(0x0)\Pci(0x17,0x0)\Sata(0x2,0xFFFF,0x0)\HD(6,GPT,74E27ED5-6EE5-4AFF-872D-3005E2BCC541,0x68002000,0x6400000)\VenMedia(BE74FCF7-0B7C-49F3-9147-01F4042E6842,419FEFC86562D34983184FD2F8ED28D8)
12:245  0:000  - [25]: Volume: PciRoot(0x0)\Pci(0x17,0x0)\Sata(0x2,0xFFFF,0x0)\HD(6,GPT,74E27ED5-6EE5-4AFF-872D-3005E2BCC541,0x68002000,0x6400000)\VenMedia(BE74FCF7-0B7C-49F3-9147-01F4042E6842,FFABFD1818782D4D9BD28201F85C2C2D)
12:245  0:000  - [26]: Volume: PciRoot(0x0)\Pci(0x17,0x0)\Sata(0x2,0xFFFF,0x0)\HD(6,GPT,74E27ED5-6EE5-4AFF-872D-3005E2BCC541,0x68002000,0x6400000)\VenMedia(BE74FCF7-0B7C-49F3-9147-01F4042E6842,41B437DB7F45854C818048CB574E4B77)
12:245  0:000  - [27]: Volume: PciRoot(0x0)\Pci(0x17,0x0)\Sata(0x2,0xFFFF,0x0)\HD(7,GPT,B44D8D47-8007-41F5-831D-EFF338B19271,0x6E402000,0x6304D88)\VenMedia(BE74FCF7-0B7C-49F3-9147-01F4042E6842,9CBB97D6513E034EA081099AAF05F380)
12:245  0:000  - [28]: Volume: PciRoot(0x0)\Pci(0x17,0x0)\Sata(0x2,0xFFFF,0x0)\HD(7,GPT,B44D8D47-8007-41F5-831D-EFF338B19271,0x6E402000,0x6304D88)\VenMedia(BE74FCF7-0B7C-49F3-9147-01F4042E6842,4955AD19108DEA41A01CA4500977A5AD)
12:245  0:000  - [29]: Volume: PciRoot(0x0)\Pci(0x17,0x0)\Sata(0x2,0xFFFF,0x0)\HD(7,GPT,B44D8D47-8007-41F5-831D-EFF338B19271,0x6E402000,0x6304D88)\VenMedia(BE74FCF7-0B7C-49F3-9147-01F4042E6842,9571F01EBA3A244A9821CFFC8C4E091B)
12:245  0:000  - [30]: Volume: PciRoot(0x0)\Pci(0x17,0x0)\Sata(0x2,0xFFFF,0x0)\HD(7,GPT,B44D8D47-8007-41F5-831D-EFF338B19271,0x6E402000,0x6304D88)\VenMedia(BE74FCF7-0B7C-49F3-9147-01F4042E6842,1D26BCF59246024CAF3963979988FC1A)
12:245  0:000  - [31]: Volume: PciRoot(0x0)\Pci(0x1B,0x0)\Pci(0x0,0x0)\NVMe(0x1,36-54-00-71-C1-38-25-00)\HD(2,GPT,FF9923B1-CC99-4C5B-B9B0-AFAFC18B5A40,0x81000,0x1DC72288)\VenMedia(BE74FCF7-0B7C-49F3-9147-01F4042E6842,A362A68AD0DBEE4E8ABBFD28B002A682)
12:245  0:000  - [32]: Volume: PciRoot(0x0)\Pci(0x1B,0x0)\Pci(0x0,0x0)\NVMe(0x1,36-54-00-71-C1-38-25-00)\HD(2,GPT,FF9923B1-CC99-4C5B-B9B0-AFAFC18B5A40,0x81000,0x1DC72288)\VenMedia(BE74FCF7-0B7C-49F3-9147-01F4042E6842,5D5D2F20929071468FFD90AB6D31AE7E)
12:245  0:000  - [33]: Volume: PciRoot(0x0)\Pci(0x1B,0x0)\Pci(0x0,0x0)\NVMe(0x1,36-54-00-71-C1-38-25-00)\HD(2,GPT,FF9923B1-CC99-4C5B-B9B0-AFAFC18B5A40,0x81000,0x1DC72288)\VenMedia(BE74FCF7-0B7C-49F3-9147-01F4042E6842,6270962953B02248A1290BE7B97A0625)
12:245  0:000  - [34]: Volume: PciRoot(0x0)\Pci(0x1B,0x0)\Pci(0x0,0x0)\NVMe(0x1,36-54-00-71-C1-38-25-00)\HD(2,GPT,FF9923B1-CC99-4C5B-B9B0-AFAFC18B5A40,0x81000,0x1DC72288)\VenMedia(BE74FCF7-0B7C-49F3-9147-01F4042E6842,54B0EFA407971E4896054F7DD18A809E)
12:246  0:000  - [35]: Volume: PciRoot(0x0)\Pci(0x1B,0x0)\Pci(0x0,0x0)\NVMe(0x1,36-54-00-71-C1-38-25-00)\HD(2,GPT,FF9923B1-CC99-4C5B-B9B0-AFAFC18B5A40,0x81000,0x1DC72288)\VenMedia(BE74FCF7-0B7C-49F3-9147-01F4042E6842,C79718CD198B244FB71FC4B170A528BE)
12:246  0:000  No AudioIoProtocols, status=Not Found
12:246  0:000  theme inited
12:246  0:000  Chosen theme Mojave
12:246  0:000  after NVRAM boot-args=darkwake=0 alcid=11 slide=0
12:246  0:000  === [ ScanLoader ] ========================================
12:246  0:000  - [01]: 'EFI'
12:291  0:044  - [02]: 'file'
12:309  0:017  - [03]: 'game'
12:327  0:017  - [04]: 'backup'
12:345  0:018  - [09]: 'EFI'
12:365  0:019          AddLoaderEntry for Volume Name=EFI
12:366  0:001  - [12]: 'EFI'
12:367  0:000          AddLoaderEntry for Volume Name=EFI
12:373  0:006          AddLoaderEntry for Volume Name=EFI
12:387  0:014          AddLoaderEntry for Volume Name=EFI
12:388  0:000  - [14]: 'win10'
12:405  0:017  - [15]: ''
12:423  0:017  - [16]: 'homeApp'
12:440  0:017  - [17]: 'proApp'
12:458  0:017  - [18]: 'EFI'
12:478  0:020  - [23]: 'Preboot'
12:490  0:012          AddLoaderEntry for Volume Name=Preboot
12:535  0:044      hibernated: set as never
12:609  0:074          AddLoaderEntry for Volume Name=Preboot
12:698  0:088  - [24]: 'test13.6'
13:262  0:564          AddLoaderEntry for Volume Name=test13.6
13:373  0:110      hibernated: set as never
13:441  0:067  - [25]: 'Recovery'
13:451  0:010          AddLoaderEntry for Volume Name=Recovery
13:527  0:075  - [26]: 'VM'
13:543  0:016  - [27]: 'Preboot'
13:599  0:055  - [28]: 'test14.0'
14:428  0:828          AddLoaderEntry for Volume Name=test14.0
14:575  0:147      hibernated: set as never
14:636  0:060  - [29]: 'Recovery'
14:653  0:016  - [30]: 'VM'
14:669  0:016  - [31]: 'Preboot'
14:670  0:000          AddLoaderEntry for Volume Name=Preboot
14:670  0:000      hibernated: set as never
14:687  0:017  - [32]: 'Mojave - Data'
14:828  0:141  - [33]: 'Recovery'
14:829  0:000          AddLoaderEntry for Volume Name=Recovery
14:846  0:017  - [34]: 'VM'
14:863  0:016  - [35]: 'Mojave'
14:863  0:000          AddLoaderEntry for Volume Name=Mojave
14:863  0:000      hibernated: set as never
14:881  0:017  === [ AddCustomTool ] =====================================
14:881  0:000  found tool \EFI\CLOVER\tools\Shell64U.efi
14:881  0:000  Checking EFI partition Volume 1 for Clover
14:884  0:003  Checking EFI partition Volume 9 for Clover
14:885  0:000  Checking EFI partition Volume 12 for Clover
14:885  0:000   Found Clover
14:885  0:000  EmuVariable UninstallEmulation: CloseEvent = Invalid Parameter, original var services restored
14:885  0:000  EmuVariable InstallEmulation: orig vars copied, emu.var.services installed, CreateEvent VirtualAddressChange = Success, CreateEvent ExitBootServices = Success, set Status=Success
14:907  0:022  === [ GetEfiBootDeviceFromNvram ] =========================
14:908  0:000   - found entry 11. 'Boot macOS from Mojave', Volume 'Mojave', DevicePath 'PciRoot(0x0)\Pci(0x1B,0x0)\Pci(0x0,0x0)\NVMe(0x1,36-54-00-71-C1-38-25-00)\HD(2,GPT,FF9923B1-CC99-4C5B-B9B0-AFAFC18B5A40,0x81000,0x1DC72288)\VenMedia(BE74FCF7-0B7C-49F3-9147-01F4042E6842,C79718CD198B244FB71FC4B170A528BE)\System\Library\CoreServices\boot.efii'
14:908  0:000  EmuVariable UninstallEmulation: CloseEvent = Success, original var services restored
14:908  0:000  DefaultIndex=11 and MainMenu.EntryCount=18
24:635  9:727   boot with args: darkwake=0 alcid=11 slide=0 -v 
24:635  0:000  ParseBootOption: invalid input params
24:635  0:000  BootVariable of the entry is empty
24:635  0:000  === [ StartLoader ] =======================================
24:635  0:000  Finally: ExternalClock=26MHz BusSpeed=100040kHz CPUFreq=3601MHz PIS: hw.busfrequency=104000000Hz
24:635  0:000  Loading boot.efi  status=Success
24:701  0:065  GetOSVersion: 10.14 (18A391)
24:701  0:000  CSR_CFG: CSR_ALLOW_UNTRUSTED_KEXTS | CSR_ALLOW_UNRESTRICTED_FS | CSR_ALLOW_TASK_FOR_PID | CSR_ALLOW_UNRESTRICTED_DTRACE | CSR_ALLOW_UNRESTRICTED_NVRAM | CSR_ALLOW_DEVICE_CONFIGURATION | CSR_ALLOW_ANY_RECOVERY_OS | CSR_ALLOW_UNAPPROVED_KEXTS
24:701  0:000  Filtering KextPatches:
24:701  0:000   - [00]: com.apple.iokit.IOAHCIBlockStorage (Enable TRIM for SSD) :: BinPatch :: [OS: 10.14 | MatchOS: All | MatchBuild: All] ==> disabled by user
24:701  0:000   - [01]: com.apple.driver.usb.AppleUSBXHCI (USB 10.13.4+ by PMHeart) :: BinPatch :: [OS: 10.14 | MatchOS: 10.13.x | MatchBuild: All] ==> disabled by user
24:701  0:000   - [02]: com.apple.driver.usb.AppleUSBXHCI (USB Port limit patch 10.14.1 Beta by DalianSky) :: BinPatch :: [OS: 10.14 | MatchOS: 10.14.1 | MatchBuild: All] ==> disabled by user
24:701  0:000   - [03]: com.apple.driver.usb.AppleUSBXHCI (disable port limit in XHCI kext (credit PMHeart)) :: BinPatch :: [OS: 10.14 | MatchOS: 10.14.0 | MatchBuild: All] ==> disabled by user
24:701  0:000   - [04]: com.apple.driver.usb.AppleUSBXHCI (disable port limit in XHCI kext (credit DalianSky,Ricky)) :: BinPatch :: [OS: 10.14 | MatchOS: All | MatchBuild: All] ==> disabled by user
24:701  0:000   - [05]: IOUSBHostFamily (NoLabel) :: BinPatch :: [OS: 10.14 | MatchOS: All | MatchBuild: All] ==> disabled by user
24:701  0:000  Filtering KernelPatches:
24:701  0:000   - [00]: xcpm_core_scope_msrs © Pike R. Alpha :: [OS: 10.14 | MatchOS: All | MatchBuild: no] ==> allowed by OS
24:701  0:000  Will not patch boot.efi
24:701  0:000  EmuVariable InstallEmulation: orig vars copied, emu.var.services installed, CreateEvent VirtualAddressChange = Success, CreateEvent ExitBootServices = Success, set Status=Success
24:724  0:023  === [ PatchSmbios ] =======================================
24:724  0:000  insert table 9 for dev 0:0
24:724  0:000  insert table 9 for dev 0:1
24:724  0:000  insert table 9 for dev 1F:6
24:724  0:000  insert table 9 for dev 0:0
24:725  0:000  Trusting SMBIOS...
24:725  0:000  Detected alternating SMBIOS channel banks
24:725  0:000  Channels: 2
24:725  0:000  Interleave: 0 2 1 3 4 6 5 7 8 10 9 11 12 14 13 15 16 18 17 19 20 22 21 23
24:725  0:000   partNum unknown
24:725  0:000  Type17->Manufacturer corrected by SMBIOS from NoName to 0892
24:725  0:000  SMBIOS Type 17 Index = 0 => 0 0:
24:725  0:000  BANK 0 DIMM0 3603MHz 8192MB
24:725  0:000   partNum unknown
24:725  0:000  Type17->Manufacturer corrected by SMBIOS from NoName to 0892
24:725  0:000  SMBIOS Type 17 Index = 1 => 1 2:
24:725  0:000  BANK 1 DIMM0 3603MHz 8192MB
24:725  0:000  mTotalSystemMemory = 16384
24:725  0:000  NumberOfMemoryDevices = 2
24:725  0:000  Type20[0]->End = 0x7FFFFF, Type17[0] = 0x2000
24:725  0:000  Type20[1]->End = 0xFFFFFF, Type17[1] = 0x6000
24:725  0:000  Table 131 is present, CPUType=35
24:725  0:000  Change to: 1009
24:725  0:000  === [ PatchACPI ] =========================================
24:725  0:000  Xsdt reallocation done
24:725  0:000  old FADT length=114
24:725  0:000   SignatureFixup: 0xD35D63BD -> 0x0
24:726  0:000  Apply DsdtFixMask=0x00000000
24:726  0:000     drop _DSM mask=0xFFFF
24:726  0:000  === [ FixBiosDsdt ] =======================================
24:726  0:000  Patching DSDT:
24:726  0:000   - [Intel GPU PM- Rename GFX0 to IGPU]: pattern 47465830, patched at: [ (52) (E) (12) (12) (12) (5E) (12) (77) (12) (C73) (12) (3589) (6DD9) (B82C) (1B) (3ADA) (14) (109A2) (1B84) (141C5) ]
24:726  0:000   - [AMD/Nvidia GPU PM- Rename PEGP to GFX0]: pattern 50454750, patched at: [ (D2) (FCE) (3505) (31) (31) (12945) (14) (1BBC) ]
24:727  0:000   - [Fix AsRock Z390 BIOS DSDT Device(RTC) bug]: pattern A00A9353, patched at: [ (14545) ]
24:727  0:000    0 replacements
24:728  0:000  PreCleanup XSDT: count=23, length=220
24:728  0:000  PreCleanup XSDT, corrected XSDT: count=23, length=220
24:728  0:000  === [ ACPIDropTables ] ====================================
24:728  0:000  Drop tables from XSDT, SIGN=DMAR TableID=EDK2     Length=112
24:728  0:000   Table[19]: DMAR  EDK2      112 dropped
24:728  0:000  0. [Intel GPU PM- Rename GFX0 to IGPU]: pattern 47465830, bin not found / already patched!
24:728  0:000  1. [AMD/Nvidia GPU PM- Rename PEGP to GFX0]: pattern 50454750, bin not found / already patched!
24:728  0:000  2. [Fix AsRock Z390 BIOS DSDT Device(RTC) bug]: pattern A00A9353, bin not found / already patched!
24:728  0:000    0 replacements
24:728  0:000  0. [Intel GPU PM- Rename GFX0 to IGPU]: pattern 47465830, bin not found / already patched!
24:728  0:000  1. [AMD/Nvidia GPU PM- Rename PEGP to GFX0]: pattern 50454750, bin not found / already patched!
24:728  0:000  2. [Fix AsRock Z390 BIOS DSDT Device(RTC) bug]: pattern A00A9353, bin not found / already patched!
24:728  0:000    0 replacements
24:728  0:000  Found OperationRegion(PNVS, SystemMemory, 5FEB7000, ...)
24:728  0:000  0. [Intel GPU PM- Rename GFX0 to IGPU]: pattern 47465830, patched at: [ (2D) (3A) (46) (2C1) (1C9A) (A3A) (1D) (6AF) ]
24:728  0:000  1. [AMD/Nvidia GPU PM- Rename PEGP to GFX0]: pattern 50454750, bin not found / already patched!
24:728  0:000  2. [Fix AsRock Z390 BIOS DSDT Device(RTC) bug]: pattern A00A9353, bin not found / already patched!
24:728  0:000    0 replacements
24:728  0:000  Found OperationRegion(SANV, SystemMemory, 5F1B4118, ...)
24:728  0:000  0. [Intel GPU PM- Rename GFX0 to IGPU]: pattern 47465830, bin not found / already patched!
24:728  0:000  1. [AMD/Nvidia GPU PM- Rename PEGP to GFX0]: pattern 50454750, patched at: [ (222) (24) (24) (561) (3BC) (3B6) ]
24:728  0:000  2. [Fix AsRock Z390 BIOS DSDT Device(RTC) bug]: pattern A00A9353, bin not found / already patched!
24:728  0:000    0 replacements
24:728  0:000  0. [Intel GPU PM- Rename GFX0 to IGPU]: pattern 47465830, bin not found / already patched!
24:728  0:000  1. [AMD/Nvidia GPU PM- Rename PEGP to GFX0]: pattern 50454750, bin not found / already patched!
24:728  0:000  2. [Fix AsRock Z390 BIOS DSDT Device(RTC) bug]: pattern A00A9353, bin not found / already patched!
24:728  0:000    0 replacements
24:728  0:000  0. [Intel GPU PM- Rename GFX0 to IGPU]: pattern 47465830, bin not found / already patched!
24:728  0:000  1. [AMD/Nvidia GPU PM- Rename PEGP to GFX0]: pattern 50454750, bin not found / already patched!
24:728  0:000  2. [Fix AsRock Z390 BIOS DSDT Device(RTC) bug]: pattern A00A9353, bin not found / already patched!
24:728  0:000    0 replacements
24:728  0:000  0. [Intel GPU PM- Rename GFX0 to IGPU]: pattern 47465830, bin not found / already patched!
24:728  0:000  1. [AMD/Nvidia GPU PM- Rename PEGP to GFX0]: pattern 50454750, bin not found / already patched!
24:728  0:000  2. [Fix AsRock Z390 BIOS DSDT Device(RTC) bug]: pattern A00A9353, bin not found / already patched!
24:728  0:000    0 replacements
24:728  0:000  0. [Intel GPU PM- Rename GFX0 to IGPU]: pattern 47465830, bin not found / already patched!
24:728  0:000  1. [AMD/Nvidia GPU PM- Rename PEGP to GFX0]: pattern 50454750, bin not found / already patched!
24:728  0:000  2. [Fix AsRock Z390 BIOS DSDT Device(RTC) bug]: pattern A00A9353, bin not found / already patched!
24:728  0:000    0 replacements
24:728  0:000  Found OperationRegion(ADHD, SystemMemory, 5D9BE000, ...)
24:728  0:000  Found OperationRegion(ABLK, SystemMemory, 5D9BE020, ...)
24:728  0:000  === [ ACPIPatchedAML ] ====================================
24:728  0:000  Unsorted
24:728  0:000  Inserting SSDT-Vega64-FBName-Iriri.aml from EFI\CLOVER\ACPI\patched: size=410 ... Success
24:729  0:000  Inserting SSDT-SMBUS.aml from EFI\CLOVER\ACPI\patched: size=138 ... Success
24:729  0:000  CPUBase=0 and ApicCPUBase=1 ApicCPUNum=1
24:729  0:000  Maximum control=0x24
24:729  0:000  Turbo control=0x32
24:729  0:000  P-States: min 0x8, max 0x32
24:729  0:000  SSDT with plugin-type without P-States is generated
24:729  0:000  Cleanup XSDT: count=26, length=244
24:729  0:000  corrected XSDT count=25, length=236
24:729  0:000  === [ RestSetup macOS ] ===================================
24:729  0:000  EdidDiscovered size=128
24:729  0:000  --- Discovered EDID Table size:128
24:729  0:000  000  |  00  FF  FF  FF  FF  FF  FF  00  1E  6D
24:729  0:000  010  |  07  77  BD  CE  02  00  05  1D  01  04
24:729  0:000  020  |  B5  3C  22  78  9F  3E  31  AE  50  47
24:729  0:000  030  |  AC  27  0C  50  54  21  08  00  71  40
24:729  0:000  040  |  81  80  81  C0  A9  C0  D1  C0  81  00
24:729  0:000  050  |  01  01  01  01  4D  D0  00  A0  F0  70
24:729  0:000  060  |  3E  80  30  20  65  0C  58  54  21  00
24:729  0:000  070  |  00  1A  28  68  00  A0  F0  70  3E  80
24:729  0:000  080  |  08  90  65  0C  58  54  21  00  00  1A
24:729  0:000  090  |  00  00  00  FD  00  28  3D  87  87  38
24:729  0:000  100  |  01  0A  20  20  20  20  20  20  00  00
24:729  0:000  110  |  00  FC  00  4C  47  20  48  44  52  20
24:729  0:000  120  |  34  4B  0A  20  20  20  01  82
24:729  0:000  add device: PciRoot(0x0)/Pci(0x2,0x0)
24:729  0:000     Add key=model valuelen=23
24:729  0:000     Add key=framebuffer-unifiedmem valuelen=4
24:729  0:000     Add key=framebuffer-patch-enable valuelen=4
24:729  0:000     Add key=framebuffer-con2-type valuelen=4
24:729  0:000     Add key=framebuffer-con2-enable valuelen=4
24:729  0:000     Add key=framebuffer-con1-type valuelen=4
24:729  0:000     Add key=framebuffer-con1-enable valuelen=4
24:729  0:000     Add key=framebuffer-con0-type valuelen=4
24:729  0:000     Add key=framebuffer-con0-enable valuelen=4
24:729  0:000     Add key=enable-hdmi20 valuelen=4
24:729  0:000     Add key=device-id valuelen=4
24:729  0:000     Add key=AAPL,ig-platform-id valuelen=4
24:729  0:000  ATI injection not set
24:729  0:000  Device 0 deinited
24:729  0:000  custom properties for device 03:00.01 injected
24:729  0:000  custom properties for device 00:14.00 injected
24:729  0:000  custom properties for device 00:17.00 injected
24:729  0:000  custom properties for device 04:00.00 injected
24:729  0:000  custom properties for device 06:00.00 injected
24:729  0:000   RCBA disabled; cannot use it
24:729  0:000  custom properties for device 00:1F.03 injected
24:729  0:000  custom properties for device 00:1F.04 injected
24:729  0:000  custom properties for device 00:1F.06 injected
24:729  0:000  stringlength = 4112
24:730  0:000  CurrentMode: Width=3840 Height=2160
24:730  0:000  Beginning FSInjection
24:730  0:000   - ERROR: gFSInjectProtocolGuid not found!
24:730  0:000  Use origin smbios table type 1 guid.
24:732  0:002  Preparing kexts injection for arch=x86_64 from EFI\CLOVER\kexts\Other
24:732  0:000  Extra kext: EFI\CLOVER\kexts\Other\FakePCIID.kext (v.1.3.15)
24:733  0:001  Extra kext: EFI\CLOVER\kexts\Other\FakePCIID_Broadcom_WiFi.kext (v.1.3.15)
24:734  0:000  Extra kext: EFI\CLOVER\kexts\Other\BrcmPatchRAM2.kext (v.2.2.10)
24:740  0:006  Extra kext: EFI\CLOVER\kexts\Other\FakeSMC.kext (v.3.5.1)
24:741  0:001    |-- PlugIn kext: EFI\CLOVER\kexts\Other\FakeSMC.kext\Contents\PlugIns\RadeonMonitor.kext (v.1.3.4)
24:742  0:001    |-- PlugIn kext: EFI\CLOVER\kexts\Other\FakeSMC.kext\Contents\PlugIns\ACPIMonitor.kext (v.1.0.3)
24:743  0:000    |-- PlugIn kext: EFI\CLOVER\kexts\Other\FakeSMC.kext\Contents\PlugIns\IntelCPUMonitor.kext (v.1.2.3)
24:744  0:000  Extra kext: EFI\CLOVER\kexts\Other\IntelMausiEthernet.kext (v.2.4.0d0)
24:745  0:001  Extra kext: EFI\CLOVER\kexts\Other\BrcmFirmwareData.kext (v.2.2.10)
24:749  0:003  Extra kext: EFI\CLOVER\kexts\Other\WhateverGreen.kext (v.1.3.0)
24:752  0:003  Extra kext: EFI\CLOVER\kexts\Other\AppleALC.kext (v.1.3.9)
24:806  0:053  Extra kext: EFI\CLOVER\kexts\Other\Lilu.kext (v.1.3.7)
24:809  0:003  Custom boot screen not used because entry has unset use graphics
24:809  0:000  Closing log
